<?xml version="1.0" encoding="UTF-8"?>
<!-- Generated by org.testng.reporters.JUnitXMLReporter -->
<testsuite ignored="1" hostname="hussiens-MacBook-Pro.local" failures="2" tests="2" name="Surefire test" time="61.061" errors="0" timestamp="2025-11-15T03:01:12 EET">
  <testcase classname="com.appium.test.android.FormPageTest" name="fillForm" time="26.975">
    <failure type="java.lang.AssertionError" message="The following asserts failed:
	did not expect [280.97] but found [280.97]">
      <![CDATA[java.lang.AssertionError: The following asserts failed:
did not expect [280.97] but found [280.97]
at com.appium.test.android.FormPageTest.fillForm(FormPageTest.java:53)
at java.base/java.util.ArrayList.forEach(ArrayList.java:1604)
... Removed 32 stack frames]]>
    </failure>
  </testcase> <!-- fillForm -->
  <testcase classname="com.appium.test.android.FormPageTest" name="fillForm" time="28.596">
    <failure type="java.lang.AssertionError" message="The following asserts failed:
	did not expect [280.97] but found [280.97]">
      <![CDATA[java.lang.AssertionError: The following asserts failed:
did not expect [280.97] but found [280.97]
at com.appium.test.android.FormPageTest.fillForm(FormPageTest.java:53)
at java.base/java.util.ArrayList.forEach(ArrayList.java:1604)
... Removed 32 stack frames]]>
    </failure>
  </testcase> <!-- fillForm -->
  <testcase classname="com.appium.test.android.FormPageTest" name="fillForm_ErrorValidation" time="0.0">
    <ignored/>
  </testcase> <!-- fillForm_ErrorValidation -->
</testsuite> <!-- Surefire test -->
