<?xml version="1.0" encoding="UTF-8"?>
<testsuite xmlns:xsi="http://www.w3.org/2001/XMLSchema-instance" xsi:noNamespaceSchemaLocation="https://maven.apache.org/surefire/maven-surefire-plugin/xsd/surefire-test-report.xsd" version="3.0.2" name="TestSuite" time="67.869" tests="2" errors="0" skipped="0" failures="0">
  <properties>
[...]
</properties>
  <testcase name="fillForm[{gender=Male, name=Hussien, country=Cuba}](1)" classname="com.appium.test.android.FormPageTest" time="28.012">
    <system-out><![CDATA[&amp#27;[38;5;112m[Appium]&amp#27;[0m Welcome to Appium v2.18.0 (REV e8b7739de9f5dfd154a742e83b2a72ac1222fed2)
&amp#27;[38;5;112m[Appium]&amp#27;[0m Non-default server args:
&amp#27;[38;5;112m[Appium]&amp#27;[0m { address: &amp#27;[32m'127.0.0.1'&amp#27;[39m }
&amp#27;[38;5;112m[Appium]&amp#27;[0m The autodetected Appium home path: /Users/hussien/.appium
&amp#27;[38;5;112m[Appium]&amp#27;[0m Attempting to load driver uiautomator2...
&amp#27;[38;5;112m[Appium]&amp#27;[0m Attempting to load driver xcuitest...
&amp#27;[38;5;112m[Appium]&amp#27;[0m Requiring driver at /Users/hussien/.appium/node_modules/appium-xcuitest-driver/build/index.js
&amp#27;[38;5;112m[Appium]&amp#27;[0m XCUITestDriver has been successfully loaded in 0.573s
&amp#27;[38;5;112m[Appium]&amp#27;[0m Requiring driver at /Users/hussien/.appium/node_modules/appium-uiautomator2-driver/build/index.js
&amp#27;[38;5;112m[Appium]&amp#27;[0m AndroidUiautomator2Driver has been successfully loaded in 1.069s
&amp#27;[38;5;112m[Appium]&amp#27;[0m Appium REST http interface listener started on http://127.0.0.1:4723
&amp#27;[38;5;112m[Appium]&amp#27;[0m Available drivers:
&amp#27;[38;5;112m[Appium]&amp#27;[0m   - uiautomator2@4.2.3 (automationName 'UiAutomator2')
&amp#27;[38;5;112m[Appium]&amp#27;[0m   - xcuitest@9.9.4 (automationName 'XCUITest')
&amp#27;[38;5;112m[Appium]&amp#27;[0m No plugins have been installed. Use the "appium plugin" command to install the one(s) you want to use.
&amp#27;[38;5;86m[HTTP]&amp#27;[0m &amp#27;[37m-->&amp#27;[39m &amp#27;[37mGET&amp#27;[39m &amp#27;[37m/status&amp#27;[39m {}
&amp#27;[38;5;150m[AppiumDriver@ed98]&amp#27;[0m Calling AppiumDriver.getStatus() with args: []
&amp#27;[38;5;150m[AppiumDriver@ed98]&amp#27;[0m Responding to client with driver.getStatus() result: {"ready":true,"message":"The server is ready to accept new connections","build":{"version":"2.18.0","git-sha":"e8b7739de9f5dfd154a742e83b2a72ac1222fed2","built":"2025-11-12 17:09:06 +0000"}}
&amp#27;[38;5;86m[HTTP]&amp#27;[0m <-- GET /status 200 8 ms - 200 
&amp#27;[38;5;86m[HTTP]&amp#27;[0m Request idempotency key: 3d87b391-15fb-4eef-a4a5-e1729bb87072
&amp#27;[38;5;86m[HTTP]&amp#27;[0m &amp#27;[37m-->&amp#27;[39m &amp#27;[37mPOST&amp#27;[39m &amp#27;[37m/session&amp#27;[39m {"capabilities":{"firstMatch":[{"appium:deviceName":"emulator-5554","platformName":"ANDROID","appium:automationName":"UIAutomator2","appium:app":"/Users/hussien/Documents/AppiumRevision/src/test/java/com/appium/resources/General-Store.apk","appium:platformVersion":"13"}]}}
&amp#27;[38;5;150m[AppiumDriver@ed98]&amp#27;[0m Calling AppiumDriver.createSession() with args: [null,null,{"firstMatch":[{"appium:deviceName":"emulator-5554","platformName":"ANDROID","appium:automationName":"UIAutomator2","appium:app":"/Users/hussien/Documents/AppiumRevision/src/test/java/com/appium/resources/General-Store.apk","appium:platformVersion":"13"}]}]
&amp#27;[38;5;150m[AppiumDriver@ed98]&amp#27;[0m Event 'newSessionRequested' logged at 1763314560066 (19:36:00 GMT+0200 (Eastern European Standard Time))
&amp#27;[38;5;112m[Appium]&amp#27;[0m Attempting to find matching driver for automationName 'UIAutomator2' and platformName 'ANDROID'
&amp#27;[38;5;112m[Appium]&amp#27;[0m The 'uiautomator2' driver was installed and matched caps.
&amp#27;[38;5;112m[Appium]&amp#27;[0m Will require it at /Users/hussien/.appium/node_modules/appium-uiautomator2-driver
&amp#27;[38;5;112m[Appium]&amp#27;[0m Requiring driver at /Users/hussien/.appium/node_modules/appium-uiautomator2-driver/build/index.js
&amp#27;[38;5;150m[AppiumDriver@ed98]&amp#27;[0m Appium v2.18.0 creating new AndroidUiautomator2Driver (v4.2.3) session
&amp#27;[38;5;150m[AppiumDriver@ed98]&amp#27;[0m Checking BaseDriver versions for Appium and AndroidUiautomator2Driver
&amp#27;[38;5;150m[AppiumDriver@ed98]&amp#27;[0m Appium's BaseDriver version is 9.17.0
&amp#27;[38;5;150m[AppiumDriver@ed98]&amp#27;[0m AndroidUiautomator2Driver's BaseDriver version is 9.17.0
&amp#27;[38;5;6m[AndroidUiautomator2Driver@e4ff]&amp#27;[0m 
&amp#27;[38;5;6m[AndroidUiautomator2Driver@e4ff]&amp#27;[0m Creating session with W3C capabilities: {
  "alwaysMatch": {
    "platformName": "ANDROID",
    "appium:deviceName": "emulator-5554",
    "appium:automationName": "UIAutomator2",
    "appium:app": "/Users/hussien/Documents/AppiumRevision/src/test/java/com/appium/resources/General-Store.apk",
    "appium:platformVersion": "13"
  },
  "firstMatch": [
    {}
  ]
}
&amp#27;[38;5;82m[56975e30]&amp#27;[0m&amp#27;[38;5;6m[AndroidUiautomator2Driver@e4ff]&amp#27;[0m Session created with session id: 56975e30-f9c5-4563-8834-533d54c9419c
&amp#27;[38;5;82m[56975e30]&amp#27;[0m&amp#27;[38;5;229m[ADB]&amp#27;[0m Found 2 'build-tools' folders under '/Users/hussien/Library/Android/sdk' (newest first):
&amp#27;[38;5;82m[56975e30]&amp#27;[0m&amp#27;[38;5;229m[ADB]&amp#27;[0m     /Users/hussien/Library/Android/sdk/build-tools/36.0.0
&amp#27;[38;5;82m[56975e30]&amp#27;[0m&amp#27;[38;5;229m[ADB]&amp#27;[0m     /Users/hussien/Library/Android/sdk/build-tools/35.0.1
&amp#27;[38;5;82m[56975e30]&amp#27;[0m&amp#27;[38;5;229m[ADB]&amp#27;[0m Using 'adb' from '/Users/hussien/Library/Android/sdk/platform-tools/adb'
&amp#27;[38;5;82m[56975e30]&amp#27;[0m&amp#27;[38;5;229m[ADB]&amp#27;[0m Running '/Users/hussien/Library/Android/sdk/platform-tools/adb -P 5037 start-server'
&amp#27;[38;5;82m[56975e30]&amp#27;[0m&amp#27;[38;5;6m[AndroidUiautomator2Driver@e4ff]&amp#27;[0m Retrieving device list
&amp#27;[38;5;82m[56975e30]&amp#27;[0m&amp#27;[38;5;229m[ADB]&amp#27;[0m Trying to find connected Android devices
&amp#27;[38;5;82m[56975e30]&amp#27;[0m&amp#27;[38;5;229m[ADB]&amp#27;[0m Getting connected devices
&amp#27;[38;5;82m[56975e30]&amp#27;[0m&amp#27;[38;5;229m[ADB]&amp#27;[0m Connected devices: [{"udid":"emulator-5554","state":"device"}]
&amp#27;[38;5;82m[56975e30]&amp#27;[0m&amp#27;[38;5;6m[AndroidUiautomator2Driver@e4ff]&amp#27;[0m Looking for a device with Android '13.0.0'
&amp#27;[38;5;82m[56975e30]&amp#27;[0m&amp#27;[38;5;229m[ADB]&amp#27;[0m Setting device id to emulator-5554
&amp#27;[38;5;82m[56975e30]&amp#27;[0m&amp#27;[38;5;229m[ADB]&amp#27;[0m Getting device platform version
&amp#27;[38;5;82m[56975e30]&amp#27;[0m&amp#27;[38;5;229m[ADB]&amp#27;[0m Running '/Users/hussien/Library/Android/sdk/platform-tools/adb -P 5037 -s emulator-5554 shell getprop ro.build.version.release'
&amp#27;[38;5;82m[56975e30]&amp#27;[0m&amp#27;[38;5;229m[ADB]&amp#27;[0m Current device property 'ro.build.version.release': 13
&amp#27;[38;5;82m[56975e30]&amp#27;[0m&amp#27;[38;5;6m[AndroidUiautomator2Driver@e4ff]&amp#27;[0m Using device: emulator-5554
&amp#27;[38;5;82m[56975e30]&amp#27;[0m&amp#27;[38;5;229m[ADB]&amp#27;[0m Using 'adb' from '/Users/hussien/Library/Android/sdk/platform-tools/adb'
&amp#27;[38;5;82m[56975e30]&amp#27;[0m&amp#27;[38;5;229m[ADB]&amp#27;[0m Running '/Users/hussien/Library/Android/sdk/platform-tools/adb -P 5037 start-server'
&amp#27;[38;5;82m[56975e30]&amp#27;[0m&amp#27;[38;5;229m[ADB]&amp#27;[0m Setting device id to emulator-5554
&amp#27;[38;5;82m[56975e30]&amp#27;[0m&amp#27;[38;5;123m[BaseDriver]&amp#27;[0m Using local app '/Users/hussien/Documents/AppiumRevision/src/test/java/com/appium/resources/General-Store.apk'
&amp#27;[38;5;82m[56975e30]&amp#27;[0m&amp#27;[38;5;6m[AndroidUiautomator2Driver@e4ff]&amp#27;[0m Checking whether app is actually present
&amp#27;[38;5;82m[56975e30]&amp#27;[0m&amp#27;[38;5;229m[ADB]&amp#27;[0m Running '/Users/hussien/Library/Android/sdk/platform-tools/adb -P 5037 -s emulator-5554 shell getprop ro.build.version.sdk'
&amp#27;[38;5;82m[56975e30]&amp#27;[0m&amp#27;[38;5;229m[ADB]&amp#27;[0m Current device property 'ro.build.version.sdk': 33
&amp#27;[38;5;82m[56975e30]&amp#27;[0m&amp#27;[38;5;229m[ADB]&amp#27;[0m Getting device platform version
&amp#27;[38;5;82m[56975e30]&amp#27;[0m&amp#27;[38;5;229m[ADB]&amp#27;[0m Running '/Users/hussien/Library/Android/sdk/platform-tools/adb -P 5037 -s emulator-5554 shell getprop ro.build.version.release'
&amp#27;[38;5;82m[56975e30]&amp#27;[0m&amp#27;[38;5;229m[ADB]&amp#27;[0m Current device property 'ro.build.version.release': 13
&amp#27;[38;5;82m[56975e30]&amp#27;[0m&amp#27;[38;5;229m[ADB]&amp#27;[0m Device API level: 33
&amp#27;[38;5;82m[56975e30]&amp#27;[0m&amp#27;[38;5;6m[AndroidUiautomator2Driver@e4ff]&amp#27;[0m Relaxing hidden api policy
&amp#27;[38;5;82m[56975e30]&amp#27;[0m&amp#27;[38;5;229m[ADB]&amp#27;[0m Running '/Users/hussien/Library/Android/sdk/platform-tools/adb -P 5037 -s emulator-5554 shell 'settings put global hidden_api_policy_pre_p_apps 1;settings put global hidden_api_policy_p_apps 1;settings put global hidden_api_policy 1''
&amp#27;[38;5;82m[56975e30]&amp#27;[0m&amp#27;[38;5;6m[AndroidUiautomator2Driver@e4ff]&amp#27;[0m Parsing package and activity from the 'General-Store.apk' file manifest
&amp#27;[38;5;82m[56975e30]&amp#27;[0m&amp#27;[38;5;229m[ADB]&amp#27;[0m Running '/Users/hussien/Library/Android/sdk/platform-tools/adb -P 5037 -s emulator-5554 wait-for-device'
&amp#27;[38;5;82m[56975e30]&amp#27;[0m&amp#27;[38;5;229m[ADB]&amp#27;[0m Using 'aapt2' from '/Users/hussien/Library/Android/sdk/build-tools/36.0.0/aapt2'
&amp#27;[38;5;82m[56975e30]&amp#27;[0m&amp#27;[38;5;229m[ADB]&amp#27;[0m Reading package manifest: '/Users/hussien/Library/Android/sdk/build-tools/36.0.0/aapt2 dump badging /Users/hussien/Documents/AppiumRevision/src/test/java/com/appium/resources/General-Store.apk'
&amp#27;[38;5;82m[56975e30]&amp#27;[0m&amp#27;[38;5;229m[ADB]&amp#27;[0m Running '/Users/hussien/Library/Android/sdk/platform-tools/adb -P 5037 -s emulator-5554 shell echo ping'
&amp#27;[38;5;82m[56975e30]&amp#27;[0m&amp#27;[38;5;6m[AndroidUiautomator2Driver@e4ff]&amp#27;[0m Pushing settings apk to the device...
&amp#27;[38;5;82m[56975e30]&amp#27;[0m&amp#27;[38;5;229m[ADB]&amp#27;[0m Getting package info for 'io.appium.settings'
&amp#27;[38;5;82m[56975e30]&amp#27;[0m&amp#27;[38;5;229m[ADB]&amp#27;[0m Running '/Users/hussien/Library/Android/sdk/platform-tools/adb -P 5037 -s emulator-5554 shell dumpsys package io.appium.settings'
&amp#27;[38;5;82m[56975e30]&amp#27;[0m&amp#27;[38;5;229m[ADB]&amp#27;[0m Package name: 'com.androidsample.generalstore'
&amp#27;[38;5;82m[56975e30]&amp#27;[0m&amp#27;[38;5;229m[ADB]&amp#27;[0m Main activity name: 'com.androidsample.generalstore.SplashActivity'
&amp#27;[38;5;82m[56975e30]&amp#27;[0m&amp#27;[38;5;6m[AndroidUiautomator2Driver@e4ff]&amp#27;[0m Resolved launch package -> activity: com.androidsample.generalstore -> com.androidsample.generalstore.SplashActivity
&amp#27;[38;5;82m[56975e30]&amp#27;[0m&amp#27;[38;5;6m[AndroidUiautomator2Driver@e4ff]&amp#27;[0m Resolved wait package -> activity: com.androidsample.generalstore -> com.androidsample.generalstore.SplashActivity
&amp#27;[38;5;82m[56975e30]&amp#27;[0m&amp#27;[38;5;229m[ADB]&amp#27;[0m Reading package manifest: '/Users/hussien/Library/Android/sdk/build-tools/36.0.0/aapt2 dump badging /Users/hussien/.appium/node_modules/appium-uiautomator2-driver/node_modules/io.appium.settings/apks/settings_apk-debug.apk'
&amp#27;[38;5;82m[56975e30]&amp#27;[0m&amp#27;[38;5;229m[ADB]&amp#27;[0m The version name of the installed 'io.appium.settings' is greater or equal to the application version name ('5.14.8' >= '5.14.8')
&amp#27;[38;5;82m[56975e30]&amp#27;[0m&amp#27;[38;5;229m[ADB]&amp#27;[0m There is no need to install/upgrade '/Users/hussien/.appium/node_modules/appium-uiautomator2-driver/node_modules/io.appium.settings/apks/settings_apk-debug.apk'
&amp#27;[38;5;82m[56975e30]&amp#27;[0m&amp#27;[38;5;229m[ADB]&amp#27;[0m Running '/Users/hussien/Library/Android/sdk/platform-tools/adb -P 5037 -s emulator-5554 shell dumpsys activity services io.appium.settings'
&amp#27;[38;5;82m[56975e30]&amp#27;[0m&amp#27;[38;5;6m[AndroidUiautomator2Driver@e4ff]&amp#27;[0m io.appium.settings is already running. There is no need to reset its permissions.
&amp#27;[38;5;82m[56975e30]&amp#27;[0m&amp#27;[38;5;160m[Logcat]&amp#27;[0m Starting logs capture with command: /Users/hussien/Library/Android/sdk/platform-tools/adb -P 5037 -s emulator-5554 logcat -v threadtime
&amp#27;[38;5;82m[56975e30]&amp#27;[0m&amp#27;[38;5;6m[AndroidUiautomator2Driver@e4ff]&amp#27;[0m Forwarding UiAutomator2 Server port 6790 to local port 8201
&amp#27;[38;5;82m[56975e30]&amp#27;[0m&amp#27;[38;5;229m[ADB]&amp#27;[0m Forwarding system: 8201 to device: 6790
&amp#27;[38;5;82m[56975e30]&amp#27;[0m&amp#27;[38;5;229m[ADB]&amp#27;[0m Running '/Users/hussien/Library/Android/sdk/platform-tools/adb -P 5037 -s emulator-5554 forward tcp:8201 tcp:6790'
&amp#27;[38;5;82m[56975e30]&amp#27;[0m&amp#27;[38;5;6m[AndroidUiautomator2Driver@e4ff]&amp#27;[0m UIA2Proxy options: {"server":"127.0.0.1","port":8201,"keepAlive":true,"scheme":"http","base":"","reqBasePath":"","sessionId":null,"timeout":240000}
&amp#27;[38;5;82m[56975e30]&amp#27;[0m&amp#27;[38;5;229m[ADB]&amp#27;[0m Getting package info for 'io.appium.uiautomator2.server'
&amp#27;[38;5;82m[56975e30]&amp#27;[0m&amp#27;[38;5;229m[ADB]&amp#27;[0m Running '/Users/hussien/Library/Android/sdk/platform-tools/adb -P 5037 -s emulator-5554 shell dumpsys package io.appium.uiautomator2.server'
&amp#27;[38;5;82m[56975e30]&amp#27;[0m&amp#27;[38;5;229m[ADB]&amp#27;[0m Getting install status for io.appium.uiautomator2.server.test
&amp#27;[38;5;82m[56975e30]&amp#27;[0m&amp#27;[38;5;229m[ADB]&amp#27;[0m Checking app cert for /Users/hussien/Documents/AppiumRevision/src/test/java/com/appium/resources/General-Store.apk
&amp#27;[38;5;82m[56975e30]&amp#27;[0m&amp#27;[38;5;229m[ADB]&amp#27;[0m Running '/Users/hussien/Library/Android/sdk/platform-tools/adb -P 5037 -s emulator-5554 shell cmd package list packages'
&amp#27;[38;5;82m[56975e30]&amp#27;[0m&amp#27;[38;5;229m[ADB]&amp#27;[0m Using 'apksigner.jar' from '/Users/hussien/Library/Android/sdk/build-tools/36.0.0/lib/apksigner.jar'
&amp#27;[38;5;82m[56975e30]&amp#27;[0m&amp#27;[38;5;229m[ADB]&amp#27;[0m Starting apksigner: /usr/bin/java -Xmx1024M -Xss1m -jar /Users/hussien/Library/Android/sdk/build-tools/36.0.0/lib/apksigner.jar verify --print-certs /Users/hussien/Documents/AppiumRevision/src/test/java/com/appium/resources/General-Store.apk
&amp#27;[38;5;82m[56975e30]&amp#27;[0m&amp#27;[38;5;229m[ADB]&amp#27;[0m 'io.appium.uiautomator2.server.test' is installed
&amp#27;[38;5;82m[56975e30]&amp#27;[0m&amp#27;[38;5;229m[ADB]&amp#27;[0m Reading package manifest: '/Users/hussien/Library/Android/sdk/build-tools/36.0.0/aapt2 dump badging /Users/hussien/.appium/node_modules/appium-uiautomator2-driver/node_modules/appium-uiautomator2-server/apks/appium-uiautomator2-server-v7.5.2.apk'
&amp#27;[38;5;82m[56975e30]&amp#27;[0m&amp#27;[38;5;229m[ADB]&amp#27;[0m The version name of the installed 'io.appium.uiautomator2.server' is greater or equal to the application version name ('7.5.2' >= '7.5.2')
&amp#27;[38;5;82m[56975e30]&amp#27;[0m&amp#27;[38;5;6m[AndroidUiautomator2Driver@e4ff]&amp#27;[0m Server packages status: [{"installState":"sameVersionInstalled","appPath":"/Users/hussien/.appium/node_modules/appium-uiautomator2-driver/node_modules/appium-uiautomator2-server/apks/appium-uiautomator2-server-v7.5.2.apk","appId":"io.appium.uiautomator2.server"},{"installState":"sameVersionInstalled","appPath":"/Users/hussien/.appium/node_modules/appium-uiautomator2-driver/node_modules/appium-uiautomator2-server/apks/appium-uiautomator2-server-debug-androidTest.apk","appId":"io.appium.uiautomator2.server.test"}]
&amp#27;[38;5;82m[56975e30]&amp#27;[0m&amp#27;[38;5;6m[AndroidUiautomator2Driver@e4ff]&amp#27;[0m Server packages are not going to be (re)installed
&amp#27;[38;5;82m[56975e30]&amp#27;[0m&amp#27;[38;5;6m[AndroidUiautomator2Driver@e4ff]&amp#27;[0m Waiting up to 30000ms for services to be available
&amp#27;[38;5;82m[56975e30]&amp#27;[0m&amp#27;[38;5;229m[ADB]&amp#27;[0m Running '/Users/hussien/Library/Android/sdk/platform-tools/adb -P 5037 -s emulator-5554 shell pm list instrumentation'
&amp#27;[38;5;82m[56975e30]&amp#27;[0m&amp#27;[38;5;6m[AndroidUiautomator2Driver@e4ff]&amp#27;[0m Instrumentation target 'io.appium.uiautomator2.server.test/androidx.test.runner.AndroidJUnitRunner' is available
&amp#27;[38;5;82m[56975e30]&amp#27;[0m&amp#27;[38;5;229m[ADB]&amp#27;[0m Adding packages ["io.appium.settings","io.appium.uiautomator2.server","io.appium.uiautomator2.server.test"] to Doze whitelist
&amp#27;[38;5;82m[56975e30]&amp#27;[0m&amp#27;[38;5;229m[ADB]&amp#27;[0m Got the following command chunks to execute: [["dumpsys","deviceidle","whitelist","+io.appium.settings",";","dumpsys","deviceidle","whitelist","+io.appium.uiautomator2.server",";","dumpsys","deviceidle","whitelist","+io.appium.uiautomator2.server.test",";"]]
&amp#27;[38;5;82m[56975e30]&amp#27;[0m&amp#27;[38;5;229m[ADB]&amp#27;[0m Running '/Users/hussien/Library/Android/sdk/platform-tools/adb -P 5037 -s emulator-5554 shell dumpsys deviceidle whitelist +io.appium.settings ; dumpsys deviceidle whitelist +io.appium.uiautomator2.server ; dumpsys deviceidle whitelist +io.appium.uiautomator2.server.test ;'
&amp#27;[38;5;82m[56975e30]&amp#27;[0m&amp#27;[38;5;229m[ADB]&amp#27;[0m apksigner stdout: Signer #1 certificate DN: C=US, O=Android, CN=Android Debug
Signer #1 certificate SHA-256 digest: f5f5931c019be6bff8a26255f76ae9ef8a8e631d2a702ec10e91110231549eef
Signer #1 certificate SHA-1 digest: b250161db8b5d0a1bd39154c9fd749bdad79c1a3
Signer #1 certificate MD5 digest: 7a5550323d84472ca25a0861c63e0a6c

&amp#27;[38;5;82m[56975e30]&amp#27;[0m&amp#27;[38;5;229m[ADB]&amp#27;[0m apksigner stderr: WARNING: A restricted method in java.lang.System has been called
WARNING: java.lang.System::loadLibrary has been called by org.conscrypt.NativeLibraryUtil in an unnamed module (file:/Users/hussien/Library/Android/sdk/build-tools/36.0.0/lib/apksigner.jar)
WARNING: Use --enable-native-access=ALL-UNNAMED to avoid a warning for callers in this module
WARNING: Restricted methods will be blocked in a future release unless native access is enabled


&amp#27;[38;5;82m[56975e30]&amp#27;[0m&amp#27;[38;5;229m[ADB]&amp#27;[0m '/Users/hussien/Documents/AppiumRevision/src/test/java/com/appium/resources/General-Store.apk' is signed with a non-default certificate
&amp#27;[38;5;82m[56975e30]&amp#27;[0m&amp#27;[38;5;229m[ADB]&amp#27;[0m Getting package info for 'com.androidsample.generalstore'
&amp#27;[38;5;82m[56975e30]&amp#27;[0m&amp#27;[38;5;229m[ADB]&amp#27;[0m Running '/Users/hussien/Library/Android/sdk/platform-tools/adb -P 5037 -s emulator-5554 shell dumpsys package com.androidsample.generalstore'
&amp#27;[38;5;82m[56975e30]&amp#27;[0m&amp#27;[38;5;229m[ADB]&amp#27;[0m Reading package manifest: '/Users/hussien/Library/Android/sdk/build-tools/36.0.0/aapt2 dump badging /Users/hussien/Documents/AppiumRevision/src/test/java/com/appium/resources/General-Store.apk'
&amp#27;[38;5;82m[56975e30]&amp#27;[0m&amp#27;[38;5;229m[ADB]&amp#27;[0m The version name of the installed 'com.androidsample.generalstore' is greater or equal to the application version name ('1.0.0' >= '1.0.0')
&amp#27;[38;5;82m[56975e30]&amp#27;[0m&amp#27;[38;5;229m[ADB]&amp#27;[0m There is no need to install/upgrade '/Users/hussien/Documents/AppiumRevision/src/test/java/com/appium/resources/General-Store.apk'
&amp#27;[38;5;82m[56975e30]&amp#27;[0m&amp#27;[38;5;6m[AndroidUiautomator2Driver@e4ff]&amp#27;[0m Performing fast reset on 'com.androidsample.generalstore'
&amp#27;[38;5;82m[56975e30]&amp#27;[0m&amp#27;[38;5;229m[ADB]&amp#27;[0m Getting install status for com.androidsample.generalstore
&amp#27;[38;5;82m[56975e30]&amp#27;[0m&amp#27;[38;5;229m[ADB]&amp#27;[0m Running '/Users/hussien/Library/Android/sdk/platform-tools/adb -P 5037 -s emulator-5554 shell cmd package list packages'
&amp#27;[38;5;82m[56975e30]&amp#27;[0m&amp#27;[38;5;229m[ADB]&amp#27;[0m 'com.androidsample.generalstore' is installed
&amp#27;[38;5;82m[56975e30]&amp#27;[0m&amp#27;[38;5;229m[ADB]&amp#27;[0m Running '/Users/hussien/Library/Android/sdk/platform-tools/adb -P 5037 -s emulator-5554 shell am force-stop com.androidsample.generalstore'
&amp#27;[38;5;82m[56975e30]&amp#27;[0m&amp#27;[38;5;229m[ADB]&amp#27;[0m Running '/Users/hussien/Library/Android/sdk/platform-tools/adb -P 5037 -s emulator-5554 shell pm clear com.androidsample.generalstore'
&amp#27;[38;5;82m[56975e30]&amp#27;[0m&amp#27;[38;5;6m[AndroidUiautomator2Driver@e4ff]&amp#27;[0m Performed fast reset on the installed 'com.androidsample.generalstore' application (stop and clear)
&amp#27;[38;5;82m[56975e30]&amp#27;[0m&amp#27;[38;5;6m[AndroidUiautomator2Driver@e4ff]&amp#27;[0m Performing shallow cleanup of automation leftovers
&amp#27;[38;5;82m[56975e30]&amp#27;[0m&amp#27;[38;5;6m[AndroidUiautomator2Driver@e4ff]&amp#27;[0m No obsolete sessions have been detected (socket hang up)
&amp#27;[38;5;82m[56975e30]&amp#27;[0m&amp#27;[38;5;229m[ADB]&amp#27;[0m Running '/Users/hussien/Library/Android/sdk/platform-tools/adb -P 5037 -s emulator-5554 shell am force-stop io.appium.uiautomator2.server'
&amp#27;[38;5;82m[56975e30]&amp#27;[0m&amp#27;[38;5;229m[ADB]&amp#27;[0m Running '/Users/hussien/Library/Android/sdk/platform-tools/adb -P 5037 -s emulator-5554 shell am force-stop io.appium.uiautomator2.server.test'
&amp#27;[38;5;82m[56975e30]&amp#27;[0m&amp#27;[38;5;6m[AndroidUiautomator2Driver@e4ff]&amp#27;[0m Starting UIAutomator2 server 7.5.2
&amp#27;[38;5;82m[56975e30]&amp#27;[0m&amp#27;[38;5;6m[AndroidUiautomator2Driver@e4ff]&amp#27;[0m Using UIAutomator2 server from '/Users/hussien/.appium/node_modules/appium-uiautomator2-driver/node_modules/appium-uiautomator2-server/apks/appium-uiautomator2-server-v7.5.2.apk' and test from '/Users/hussien/.appium/node_modules/appium-uiautomator2-driver/node_modules/appium-uiautomator2-server/apks/appium-uiautomator2-server-debug-androidTest.apk'
&amp#27;[38;5;82m[56975e30]&amp#27;[0m&amp#27;[38;5;6m[AndroidUiautomator2Driver@e4ff]&amp#27;[0m Waiting up to 30000ms for UiAutomator2 to be online...
&amp#27;[38;5;82m[56975e30]&amp#27;[0m&amp#27;[38;5;229m[ADB]&amp#27;[0m Creating ADB subprocess with args: ["-P","5037","-s","emulator-5554","shell","am","instrument","-w","-e","disableAnalytics","true","io.appium.uiautomator2.server.test/androidx.test.runner.AndroidJUnitRunner"]
&amp#27;[38;5;82m[56975e30]&amp#27;[0m&amp#27;[38;5;6m[AndroidUiautomator2Driver@e4ff]&amp#27;[0m Matched '/status' to command name 'getStatus'
&amp#27;[38;5;82m[56975e30]&amp#27;[0m&amp#27;[38;5;6m[AndroidUiautomator2Driver@e4ff]&amp#27;[0m Proxying [GET /status] to [GET http://127.0.0.1:8201/status] with no body
&amp#27;[38;5;82m[56975e30]&amp#27;[0m&amp#27;[38;5;6m[AndroidUiautomator2Driver@e4ff]&amp#27;[0m socket hang up
&amp#27;[38;5;82m[56975e30]&amp#27;[0m&amp#27;[38;5;6m[AndroidUiautomator2Driver@e4ff]&amp#27;[0m [Instrumentation] 
&amp#27;[38;5;82m[56975e30]&amp#27;[0m&amp#27;[38;5;6m[AndroidUiautomator2Driver@e4ff]&amp#27;[0m Matched '/status' to command name 'getStatus'
&amp#27;[38;5;82m[56975e30]&amp#27;[0m&amp#27;[38;5;6m[AndroidUiautomator2Driver@e4ff]&amp#27;[0m Proxying [GET /status] to [GET http://127.0.0.1:8201/status] with no body
&amp#27;[38;5;82m[56975e30]&amp#27;[0m&amp#27;[38;5;6m[AndroidUiautomator2Driver@e4ff]&amp#27;[0m Got response with status 200: {"sessionId":"None","value":{"message":"UiAutomator2 Server is ready to accept commands","ready":true}}
&amp#27;[38;5;82m[56975e30]&amp#27;[0m&amp#27;[38;5;6m[AndroidUiautomator2Driver@e4ff]&amp#27;[0m The initialization of the instrumentation process took 1068ms
&amp#27;[38;5;82m[56975e30]&amp#27;[0m&amp#27;[38;5;6m[AndroidUiautomator2Driver@e4ff]&amp#27;[0m Matched '/session' to command name 'createSession'
&amp#27;[38;5;82m[56975e30]&amp#27;[0m&amp#27;[38;5;6m[AndroidUiautomator2Driver@e4ff]&amp#27;[0m Proxying [POST /session] to [POST http://127.0.0.1:8201/session] with body: {"capabilities":{"firstMatch":[{"platformName":"ANDROID","deviceName":"emulator-5554","automationName":"UIAutomator2","app":"/Users/hussien/Documents/AppiumRevision/src/test/java/com/appium/resources/General-Store.apk","platformVersion":"13","platform":"LINUX","webStorageEnabled":false,"takesScreenshot":true,"javascriptEnabled":true,"databaseEnabled":false,"networkConnectionEnabled":true,"locationContextEnabled":false,"warnings":{},"desired":{"platformName":"ANDROID","deviceName":"emulator-5554","automationName":"UIAutomator2","app":"/Users/hussien/Documents/AppiumRevision/src/test/java/com/appium/resources/General-Store.apk","platformVersion":"13"},"deviceUDID":"emulator-5554","appPackage":"com.androidsample.generalstore","appActivity":"com.androidsample.generalstore.SplashActivity"}],"alwaysMatch":{}}}
&amp#27;[38;5;82m[56975e30]&amp#27;[0m&amp#27;[38;5;6m[AndroidUiautomator2Driver@e4ff]&amp#27;[0m Got response with status 200: {"sessionId":"0e6feb29-8d0e-4c08-9ba0-ddc8c9cfe479","value":{"capabilities":{"firstMatch":[{"platformName":"ANDROID","deviceName":"emulator-5554","automationName":"UIAutomator2","app":"/Users/hussien/Documents/AppiumRevision/src/test/java/com/appium/resources/General-Store.apk","platformVersion":"13","platform":"LINUX","webStorageEnabled":false,"takesScreenshot":true,"javascriptEnabled":true,"databaseEnabled":false,"networkConnectionEnabled":true,"locationContextEnabled":false,"warnings":{},"desired":{"platformName":"ANDROID","deviceName":"emulator-5554","automationName":"UIAutomator2","app":"/Users/hussien/Documents/AppiumRevision/src/test/java/com/appium/resources/General-Store.apk","platformVersion":"13"},"deviceUDID":"emulator-5554","appPackage":"com.androidsample.generalstore","appActivity":"com.androidsample.generalstore.SplashActivity"}],"alwaysMatch":{}},"sessionId":"0e6feb29-8d0e-4c08-9ba0-ddc8c9cfe479"}}
&amp#27;[38;5;82m[56975e30]&amp#27;[0m&amp#27;[38;5;6m[AndroidUiautomator2Driver@e4ff]&amp#27;[0m Determined the downstream protocol as 'W3C'
&amp#27;[38;5;82m[56975e30]&amp#27;[0m&amp#27;[38;5;6m[AndroidUiautomator2Driver@e4ff]&amp#27;[0m Proxying [GET /appium/device/pixel_ratio] to [GET http://127.0.0.1:8201/session/0e6feb29-8d0e-4c08-9ba0-ddc8c9cfe479/appium/device/pixel_ratio] with no body
&amp#27;[38;5;82m[56975e30]&amp#27;[0m&amp#27;[38;5;6m[AndroidUiautomator2Driver@e4ff]&amp#27;[0m Matched '/appium/device/system_bars' to command name 'getSystemBars'
&amp#27;[38;5;82m[56975e30]&amp#27;[0m&amp#27;[38;5;6m[AndroidUiautomator2Driver@e4ff]&amp#27;[0m Proxying [GET /appium/device/system_bars] to [GET http://127.0.0.1:8201/session/0e6feb29-8d0e-4c08-9ba0-ddc8c9cfe479/appium/device/system_bars] with no body
&amp#27;[38;5;82m[56975e30]&amp#27;[0m&amp#27;[38;5;6m[AndroidUiautomator2Driver@e4ff]&amp#27;[0m Matched '/window/current/size' to command name 'getWindowSize'
&amp#27;[38;5;82m[56975e30]&amp#27;[0m&amp#27;[38;5;6m[AndroidUiautomator2Driver@e4ff]&amp#27;[0m Proxying [GET /window/current/size] to [GET http://127.0.0.1:8201/session/0e6feb29-8d0e-4c08-9ba0-ddc8c9cfe479/window/current/size] with no body
&amp#27;[38;5;82m[56975e30]&amp#27;[0m&amp#27;[38;5;6m[AndroidUiautomator2Driver@e4ff]&amp#27;[0m Proxying [GET /appium/device/info] to [GET http://127.0.0.1:8201/session/0e6feb29-8d0e-4c08-9ba0-ddc8c9cfe479/appium/device/info] with no body
&amp#27;[38;5;82m[56975e30]&amp#27;[0m&amp#27;[38;5;229m[ADB]&amp#27;[0m Running '/Users/hussien/Library/Android/sdk/platform-tools/adb -P 5037 -s emulator-5554 shell dumpsys window'
&amp#27;[38;5;82m[56975e30]&amp#27;[0m&amp#27;[38;5;229m[ADB]&amp#27;[0m Running '/Users/hussien/Library/Android/sdk/platform-tools/adb -P 5037 -s emulator-5554 shell dumpsys power'
&amp#27;[38;5;82m[56975e30]&amp#27;[0m&amp#27;[38;5;6m[AndroidUiautomator2Driver@e4ff]&amp#27;[0m Got response with status 200: {"sessionId":"0e6feb29-8d0e-4c08-9ba0-ddc8c9cfe479","value":3.5}
&amp#27;[38;5;82m[56975e30]&amp#27;[0m&amp#27;[38;5;6m[AndroidUiautomator2Driver@e4ff]&amp#27;[0m Got response with status 200: {"sessionId":"0e6feb29-8d0e-4c08-9ba0-ddc8c9cfe479","value":{"height":3120,"width":1440}}
&amp#27;[38;5;82m[56975e30]&amp#27;[0m&amp#27;[38;5;6m[AndroidUiautomator2Driver@e4ff]&amp#27;[0m Got response with status 200: {"sessionId":"0e6feb29-8d0e-4c08-9ba0-ddc8c9cfe479","value":{"statusBar":144}}
&amp#27;[38;5;82m[56975e30]&amp#27;[0m&amp#27;[38;5;6m[AndroidUiautomator2Driver@e4ff]&amp#27;[0m Got response with status 200: {"sessionId":"0e6feb29-8d0e-4c08-9ba0-ddc8c9cfe479","value":{"androidId":"4ba4933f0ecc04a2","apiVersion":"33","bluetooth":{"state":"ON"},"brand":"google","carrierName":"T-Mobile","displayDensity":560,"locale":"en_US","manufacturer":"Google","model":"sdk_gphone64_arm64","networks":[{"capabilities":{"SSID":null,"linkDownBandwidthKbps":4300,"linkUpstreamBandwidthKbps":1800,"networkCapabilities":"NET_CAPABILITY_MMS,NET_CAPABILITY_SUPL,NET_CAPABILITY_DUN,NET_CAPABILITY_FOTA,NET_CAPABILITY_IMS,NET_CAPABILITY_CBS,NET_CAPABILITY_INTERNET,NET_CAPABILITY_NOT_RESTRICTED,NET_CAPABILITY_TRUSTED,NET_CAPABILITY_NOT_VPN,NET_CAPABILITY_VALIDATED,NET_CAPABILITY_NOT_ROAMING,NET_CAPABILITY_NOT_CONGESTED,NET_CAPABILITY_NOT_SUSPENDED","signalStrength":-2147483648,"transportTypes":"TRANSPORT_CELLULAR"},"detailedState":"CONNECTED","extraInfo":"epc.tmobile.com","isAvailable":true,"isConnected":true,"isFailover":false,"isRoaming":false,"state":"CONNECTED","subtype":10,"subtypeName":"HSPA","type":0,"typeName":"MOBILE"},{"capabilitie...
&amp#27;[38;5;82m[56975e30]&amp#27;[0m&amp#27;[38;5;6m[AndroidUiautomator2Driver@e4ff]&amp#27;[0m Screen already unlocked, doing nothing
&amp#27;[38;5;82m[56975e30]&amp#27;[0m&amp#27;[38;5;6m[AndroidUiautomator2Driver@e4ff]&amp#27;[0m Starting 'com.androidsample.generalstore/com.androidsample.generalstore.SplashActivity' and waiting for 'com.androidsample.generalstore/com.androidsample.generalstore.SplashActivity'
&amp#27;[38;5;82m[56975e30]&amp#27;[0m&amp#27;[38;5;229m[ADB]&amp#27;[0m Running '/Users/hussien/Library/Android/sdk/platform-tools/adb -P 5037 -s emulator-5554 shell am start-activity -W -n com.androidsample.generalstore/com.androidsample.generalstore.SplashActivity -S -a android.intent.action.MAIN -c android.intent.category.LAUNCHER -f 0x10200000'
&amp#27;[38;5;82m[56975e30]&amp#27;[0m&amp#27;[38;5;229m[ADB]&amp#27;[0m Expected package names to be focused within 20000ms: 'com.androidsample.generalstore'
&amp#27;[38;5;82m[56975e30]&amp#27;[0m&amp#27;[38;5;229m[ADB]&amp#27;[0m Expected activity name patterns to be focused within 20000ms: '/^com\.androidsample\.generalstore\.SplashActivity$/'
&amp#27;[38;5;82m[56975e30]&amp#27;[0m&amp#27;[38;5;229m[ADB]&amp#27;[0m Getting focused package and activity
&amp#27;[38;5;82m[56975e30]&amp#27;[0m&amp#27;[38;5;229m[ADB]&amp#27;[0m Running '/Users/hussien/Library/Android/sdk/platform-tools/adb -P 5037 -s emulator-5554 shell dumpsys window displays'
&amp#27;[38;5;82m[56975e30]&amp#27;[0m&amp#27;[38;5;229m[ADB]&amp#27;[0m Focused package: com.androidsample.generalstore
&amp#27;[38;5;82m[56975e30]&amp#27;[0m&amp#27;[38;5;229m[ADB]&amp#27;[0m Focused fully qualified activity name: com.androidsample.generalstore.SplashActivity
&amp#27;[38;5;82m[56975e30]&amp#27;[0m&amp#27;[38;5;150m[AppiumDriver@ed98]&amp#27;[0m New AndroidUiautomator2Driver session created successfully, session 56975e30-f9c5-4563-8834-533d54c9419c added to master session list
&amp#27;[38;5;82m[56975e30]&amp#27;[0m&amp#27;[38;5;150m[AppiumDriver@ed98]&amp#27;[0m Event 'newSessionStarted' logged at 1763314562747 (19:36:02 GMT+0200 (Eastern European Standard Time))
&amp#27;[38;5;82m[56975e30]&amp#27;[0m&amp#27;[38;5;6m[AndroidUiautomator2Driver@e4ff]&amp#27;[0m Cached the protocol value 'W3C' for the new session 56975e30-f9c5-4563-8834-533d54c9419c
&amp#27;[38;5;82m[56975e30]&amp#27;[0m&amp#27;[38;5;6m[AndroidUiautomator2Driver@e4ff]&amp#27;[0m Responding to client with driver.createSession() result: {"capabilities":{"platformName":"ANDROID","deviceName":"emulator-5554","automationName":"UIAutomator2","app":"/Users/hussien/Documents/AppiumRevision/src/test/java/com/appium/resources/General-Store.apk","platformVersion":"13","platform":"LINUX","webStorageEnabled":false,"takesScreenshot":true,"javascriptEnabled":true,"databaseEnabled":false,"networkConnectionEnabled":true,"locationContextEnabled":false,"warnings":{},"desired":{"platformName":"ANDROID","deviceName":"emulator-5554","automationName":"UIAutomator2","app":"/Users/hussien/Documents/AppiumRevision/src/test/java/com/appium/resources/General-Store.apk","platformVersion":"13"},"deviceUDID":"emulator-5554","appPackage":"com.androidsample.generalstore","appActivity":"com.androidsample.generalstore.SplashActivity","pixelRatio":"3.5","statBarHeight":144,"viewportRect":{"left":0,"top":144,"width":1440,"height":2976},"deviceApiLevel":33,"deviceManufacturer":"Google","deviceModel":"sdk_gphone64_arm64","deviceScreenSize":"1440x3120","deviceScreenDensity":5...
&amp#27;[38;5;82m[56975e30]&amp#27;[0m&amp#27;[38;5;86m[HTTP]&amp#27;[0m <-- POST /session 200 2682 ms - 1086 
&amp#27;[38;5;82m[56975e30]&amp#27;[0m&amp#27;[38;5;86m[HTTP]&amp#27;[0m &amp#27;[37m-->&amp#27;[39m &amp#27;[37mPOST&amp#27;[39m &amp#27;[37m/session/56975e30-f9c5-4563-8834-533d54c9419c/timeouts&amp#27;[39m {"implicit":10000}
&amp#27;[38;5;82m[56975e30]&amp#27;[0m&amp#27;[38;5;6m[AndroidUiautomator2Driver@e4ff]&amp#27;[0m Calling AppiumDriver.timeouts() with args: [null,null,null,null,10000,"56975e30-f9c5-4563-8834-533d54c9419c"]
&amp#27;[38;5;82m[56975e30]&amp#27;[0m&amp#27;[38;5;6m[AndroidUiautomator2Driver@e4ff]&amp#27;[0m W3C timeout argument: {"implicit":10000}}
&amp#27;[38;5;82m[56975e30]&amp#27;[0m&amp#27;[38;5;6m[AndroidUiautomator2Driver@e4ff]&amp#27;[0m Set implicit wait to 10000ms
&amp#27;[38;5;82m[56975e30]&amp#27;[0m&amp#27;[38;5;6m[AndroidUiautomator2Driver@e4ff]&amp#27;[0m Responding to client with driver.timeouts() result: null
&amp#27;[38;5;82m[56975e30]&amp#27;[0m&amp#27;[38;5;86m[HTTP]&amp#27;[0m <-- POST /session/56975e30-f9c5-4563-8834-533d54c9419c/timeouts 200 3 ms - 14 
&amp#27;[38;5;82m[56975e30]&amp#27;[0m&amp#27;[38;5;86m[HTTP]&amp#27;[0m &amp#27;[37m-->&amp#27;[39m &amp#27;[37mGET&amp#27;[39m &amp#27;[37m/session/56975e30-f9c5-4563-8834-533d54c9419c/context&amp#27;[39m {}
&amp#27;[38;5;82m[56975e30]&amp#27;[0m&amp#27;[38;5;6m[AndroidUiautomator2Driver@e4ff]&amp#27;[0m Calling AppiumDriver.getCurrentContext() with args: ["56975e30-f9c5-4563-8834-533d54c9419c"]
&amp#27;[38;5;82m[56975e30]&amp#27;[0m&amp#27;[38;5;6m[AndroidUiautomator2Driver@e4ff]&amp#27;[0m Responding to client with driver.getCurrentContext() result: "NATIVE_APP"
&amp#27;[38;5;82m[56975e30]&amp#27;[0m&amp#27;[38;5;86m[HTTP]&amp#27;[0m <-- GET /session/56975e30-f9c5-4563-8834-533d54c9419c/context 200 2 ms - 22 
&amp#27;[38;5;82m[56975e30]&amp#27;[0m&amp#27;[38;5;86m[HTTP]&amp#27;[0m &amp#27;[37m-->&amp#27;[39m &amp#27;[37mPOST&amp#27;[39m &amp#27;[37m/session/56975e30-f9c5-4563-8834-533d54c9419c/element&amp#27;[39m {"using":"id","value":"com.androidsample.generalstore:id/nameField"}
&amp#27;[38;5;82m[56975e30]&amp#27;[0m&amp#27;[38;5;6m[AndroidUiautomator2Driver@e4ff]&amp#27;[0m Calling AppiumDriver.findElement() with args: ["id","com.androidsample.generalstore:id/nameField","56975e30-f9c5-4563-8834-533d54c9419c"]
&amp#27;[38;5;82m[56975e30]&amp#27;[0m&amp#27;[38;5;6m[AndroidUiautomator2Driver@e4ff]&amp#27;[0m Valid locator strategies for this request: xpath, id, class name, accessibility id, css selector, -android uiautomator
&amp#27;[38;5;82m[56975e30]&amp#27;[0m&amp#27;[38;5;6m[AndroidUiautomator2Driver@e4ff]&amp#27;[0m Waiting up to 10000 ms for condition
&amp#27;[38;5;82m[56975e30]&amp#27;[0m&amp#27;[38;5;6m[AndroidUiautomator2Driver@e4ff]&amp#27;[0m Matched '/element' to command name 'findElement'
&amp#27;[38;5;82m[56975e30]&amp#27;[0m&amp#27;[38;5;6m[AndroidUiautomator2Driver@e4ff]&amp#27;[0m Proxying [POST /element] to [POST http://127.0.0.1:8201/session/0e6feb29-8d0e-4c08-9ba0-ddc8c9cfe479/element] with body: {"strategy":"id","selector":"com.androidsample.generalstore:id/nameField","context":"","multiple":false}
&amp#27;[38;5;82m[56975e30]&amp#27;[0m&amp#27;[38;5;6m[AndroidUiautomator2Driver@e4ff]&amp#27;[0m Got response with status 404: {"sessionId":"0e6feb29-8d0e-4c08-9ba0-ddc8c9cfe479","value":{"error":"no such element","message":"An element could not be located on the page using the given search parameters","stacktrace":"io.appium.uiautomator2.common.exceptions.ElementNotFoundException: An element could not be located on the page using the given search parameters\n\tat io.appium.uiautomator2.handler.FindElement.safeHandle(FindElement.java:63)\n\tat io.appium.uiautomator2.handler.request.SafeRequestHandler.handle(SafeRequestHandler.java:59)\n\tat io.appium.uiautomator2.server.AppiumServlet.handleRequest(AppiumServlet.java:259)\n\tat io.appium.uiautomator2.server.AppiumServlet.handleHttpRequest(AppiumServlet.java:253)\n\tat io.appium.uiautomator2.http.ServerHandler.channelRead(ServerHandler.java:77)\n\tat io.netty.channel.AbstractChannelHandlerContext.invokeChannelRead(AbstractChannelHandlerContext.java:374)\n\tat io.netty.channel.AbstractChannelHandlerContext.invokeChannelRead(AbstractChannelHandlerContext.java:360)\n\tat io.netty.chann...
&amp#27;[38;5;82m[56975e30]&amp#27;[0m&amp#27;[38;5;123m[W3C]&amp#27;[0m Matched W3C error code 'no such element' to NoSuchElementError
&amp#27;[38;5;82m[56975e30]&amp#27;[0m&amp#27;[38;5;6m[AndroidUiautomator2Driver@e4ff]&amp#27;[0m Waited for 508 ms so far
&amp#27;[38;5;82m[56975e30]&amp#27;[0m&amp#27;[38;5;6m[AndroidUiautomator2Driver@e4ff]&amp#27;[0m Matched '/element' to command name 'findElement'
&amp#27;[38;5;82m[56975e30]&amp#27;[0m&amp#27;[38;5;6m[AndroidUiautomator2Driver@e4ff]&amp#27;[0m Proxying [POST /element] to [POST http://127.0.0.1:8201/session/0e6feb29-8d0e-4c08-9ba0-ddc8c9cfe479/element] with body: {"strategy":"id","selector":"com.androidsample.generalstore:id/nameField","context":"","multiple":false}
&amp#27;[38;5;82m[56975e30]&amp#27;[0m&amp#27;[38;5;6m[AndroidUiautomator2Driver@e4ff]&amp#27;[0m Got response with status 404: {"sessionId":"0e6feb29-8d0e-4c08-9ba0-ddc8c9cfe479","value":{"error":"no such element","message":"An element could not be located on the page using the given search parameters","stacktrace":"io.appium.uiautomator2.common.exceptions.ElementNotFoundException: An element could not be located on the page using the given search parameters\n\tat io.appium.uiautomator2.handler.FindElement.safeHandle(FindElement.java:63)\n\tat io.appium.uiautomator2.handler.request.SafeRequestHandler.handle(SafeRequestHandler.java:59)\n\tat io.appium.uiautomator2.server.AppiumServlet.handleRequest(AppiumServlet.java:259)\n\tat io.appium.uiautomator2.server.AppiumServlet.handleHttpRequest(AppiumServlet.java:253)\n\tat io.appium.uiautomator2.http.ServerHandler.channelRead(ServerHandler.java:77)\n\tat io.netty.channel.AbstractChannelHandlerContext.invokeChannelRead(AbstractChannelHandlerContext.java:374)\n\tat io.netty.channel.AbstractChannelHandlerContext.invokeChannelRead(AbstractChannelHandlerContext.java:360)\n\tat io.netty.chann...
&amp#27;[38;5;82m[56975e30]&amp#27;[0m&amp#27;[38;5;123m[W3C]&amp#27;[0m Matched W3C error code 'no such element' to NoSuchElementError
&amp#27;[38;5;82m[56975e30]&amp#27;[0m&amp#27;[38;5;6m[AndroidUiautomator2Driver@e4ff]&amp#27;[0m Waited for 1027 ms so far
&amp#27;[38;5;82m[56975e30]&amp#27;[0m&amp#27;[38;5;6m[AndroidUiautomator2Driver@e4ff]&amp#27;[0m Matched '/element' to command name 'findElement'
&amp#27;[38;5;82m[56975e30]&amp#27;[0m&amp#27;[38;5;6m[AndroidUiautomator2Driver@e4ff]&amp#27;[0m Proxying [POST /element] to [POST http://127.0.0.1:8201/session/0e6feb29-8d0e-4c08-9ba0-ddc8c9cfe479/element] with body: {"strategy":"id","selector":"com.androidsample.generalstore:id/nameField","context":"","multiple":false}
&amp#27;[38;5;82m[56975e30]&amp#27;[0m&amp#27;[38;5;6m[AndroidUiautomator2Driver@e4ff]&amp#27;[0m Got response with status 404: {"sessionId":"0e6feb29-8d0e-4c08-9ba0-ddc8c9cfe479","value":{"error":"no such element","message":"An element could not be located on the page using the given search parameters","stacktrace":"io.appium.uiautomator2.common.exceptions.ElementNotFoundException: An element could not be located on the page using the given search parameters\n\tat io.appium.uiautomator2.handler.FindElement.safeHandle(FindElement.java:63)\n\tat io.appium.uiautomator2.handler.request.SafeRequestHandler.handle(SafeRequestHandler.java:59)\n\tat io.appium.uiautomator2.server.AppiumServlet.handleRequest(AppiumServlet.java:259)\n\tat io.appium.uiautomator2.server.AppiumServlet.handleHttpRequest(AppiumServlet.java:253)\n\tat io.appium.uiautomator2.http.ServerHandler.channelRead(ServerHandler.java:77)\n\tat io.netty.channel.AbstractChannelHandlerContext.invokeChannelRead(AbstractChannelHandlerContext.java:374)\n\tat io.netty.channel.AbstractChannelHandlerContext.invokeChannelRead(AbstractChannelHandlerContext.java:360)\n\tat io.netty.chann...
&amp#27;[38;5;82m[56975e30]&amp#27;[0m&amp#27;[38;5;123m[W3C]&amp#27;[0m Matched W3C error code 'no such element' to NoSuchElementError
&amp#27;[38;5;82m[56975e30]&amp#27;[0m&amp#27;[38;5;6m[AndroidUiautomator2Driver@e4ff]&amp#27;[0m Waited for 1547 ms so far
&amp#27;[38;5;82m[56975e30]&amp#27;[0m&amp#27;[38;5;6m[AndroidUiautomator2Driver@e4ff]&amp#27;[0m Matched '/element' to command name 'findElement'
&amp#27;[38;5;82m[56975e30]&amp#27;[0m&amp#27;[38;5;6m[AndroidUiautomator2Driver@e4ff]&amp#27;[0m Proxying [POST /element] to [POST http://127.0.0.1:8201/session/0e6feb29-8d0e-4c08-9ba0-ddc8c9cfe479/element] with body: {"strategy":"id","selector":"com.androidsample.generalstore:id/nameField","context":"","multiple":false}
&amp#27;[38;5;82m[56975e30]&amp#27;[0m&amp#27;[38;5;6m[AndroidUiautomator2Driver@e4ff]&amp#27;[0m Got response with status 404: {"sessionId":"0e6feb29-8d0e-4c08-9ba0-ddc8c9cfe479","value":{"error":"no such element","message":"An element could not be located on the page using the given search parameters","stacktrace":"io.appium.uiautomator2.common.exceptions.ElementNotFoundException: An element could not be located on the page using the given search parameters\n\tat io.appium.uiautomator2.handler.FindElement.safeHandle(FindElement.java:63)\n\tat io.appium.uiautomator2.handler.request.SafeRequestHandler.handle(SafeRequestHandler.java:59)\n\tat io.appium.uiautomator2.server.AppiumServlet.handleRequest(AppiumServlet.java:259)\n\tat io.appium.uiautomator2.server.AppiumServlet.handleHttpRequest(AppiumServlet.java:253)\n\tat io.appium.uiautomator2.http.ServerHandler.channelRead(ServerHandler.java:77)\n\tat io.netty.channel.AbstractChannelHandlerContext.invokeChannelRead(AbstractChannelHandlerContext.java:374)\n\tat io.netty.channel.AbstractChannelHandlerContext.invokeChannelRead(AbstractChannelHandlerContext.java:360)\n\tat io.netty.chann...
&amp#27;[38;5;82m[56975e30]&amp#27;[0m&amp#27;[38;5;123m[W3C]&amp#27;[0m Matched W3C error code 'no such element' to NoSuchElementError
&amp#27;[38;5;82m[56975e30]&amp#27;[0m&amp#27;[38;5;6m[AndroidUiautomator2Driver@e4ff]&amp#27;[0m Waited for 2067 ms so far
&amp#27;[38;5;82m[56975e30]&amp#27;[0m&amp#27;[38;5;6m[AndroidUiautomator2Driver@e4ff]&amp#27;[0m Matched '/element' to command name 'findElement'
&amp#27;[38;5;82m[56975e30]&amp#27;[0m&amp#27;[38;5;6m[AndroidUiautomator2Driver@e4ff]&amp#27;[0m Proxying [POST /element] to [POST http://127.0.0.1:8201/session/0e6feb29-8d0e-4c08-9ba0-ddc8c9cfe479/element] with body: {"strategy":"id","selector":"com.androidsample.generalstore:id/nameField","context":"","multiple":false}
&amp#27;[38;5;82m[56975e30]&amp#27;[0m&amp#27;[38;5;6m[AndroidUiautomator2Driver@e4ff]&amp#27;[0m Got response with status 404: {"sessionId":"0e6feb29-8d0e-4c08-9ba0-ddc8c9cfe479","value":{"error":"no such element","message":"An element could not be located on the page using the given search parameters","stacktrace":"io.appium.uiautomator2.common.exceptions.ElementNotFoundException: An element could not be located on the page using the given search parameters\n\tat io.appium.uiautomator2.handler.FindElement.safeHandle(FindElement.java:63)\n\tat io.appium.uiautomator2.handler.request.SafeRequestHandler.handle(SafeRequestHandler.java:59)\n\tat io.appium.uiautomator2.server.AppiumServlet.handleRequest(AppiumServlet.java:259)\n\tat io.appium.uiautomator2.server.AppiumServlet.handleHttpRequest(AppiumServlet.java:253)\n\tat io.appium.uiautomator2.http.ServerHandler.channelRead(ServerHandler.java:77)\n\tat io.netty.channel.AbstractChannelHandlerContext.invokeChannelRead(AbstractChannelHandlerContext.java:374)\n\tat io.netty.channel.AbstractChannelHandlerContext.invokeChannelRead(AbstractChannelHandlerContext.java:360)\n\tat io.netty.chann...
&amp#27;[38;5;82m[56975e30]&amp#27;[0m&amp#27;[38;5;123m[W3C]&amp#27;[0m Matched W3C error code 'no such element' to NoSuchElementError
&amp#27;[38;5;82m[56975e30]&amp#27;[0m&amp#27;[38;5;6m[AndroidUiautomator2Driver@e4ff]&amp#27;[0m Waited for 2592 ms so far
&amp#27;[38;5;82m[56975e30]&amp#27;[0m&amp#27;[38;5;6m[AndroidUiautomator2Driver@e4ff]&amp#27;[0m Matched '/element' to command name 'findElement'
&amp#27;[38;5;82m[56975e30]&amp#27;[0m&amp#27;[38;5;6m[AndroidUiautomator2Driver@e4ff]&amp#27;[0m Proxying [POST /element] to [POST http://127.0.0.1:8201/session/0e6feb29-8d0e-4c08-9ba0-ddc8c9cfe479/element] with body: {"strategy":"id","selector":"com.androidsample.generalstore:id/nameField","context":"","multiple":false}
&amp#27;[38;5;82m[56975e30]&amp#27;[0m&amp#27;[38;5;6m[AndroidUiautomator2Driver@e4ff]&amp#27;[0m Got response with status 200: {"sessionId":"0e6feb29-8d0e-4c08-9ba0-ddc8c9cfe479","value":{"ELEMENT":"00000000-0000-0110-ffff-ffff0000001c","element-6066-11e4-a52e-4f735466cecf":"00000000-0000-0110-ffff-ffff0000001c"}}
&amp#27;[38;5;82m[56975e30]&amp#27;[0m&amp#27;[38;5;6m[AndroidUiautomator2Driver@e4ff]&amp#27;[0m Responding to client with driver.findElement() result: {"element-6066-11e4-a52e-4f735466cecf":"00000000-0000-0110-ffff-ffff0000001c","ELEMENT":"00000000-0000-0110-ffff-ffff0000001c"}
&amp#27;[38;5;82m[56975e30]&amp#27;[0m&amp#27;[38;5;86m[HTTP]&amp#27;[0m <-- POST /session/56975e30-f9c5-4563-8834-533d54c9419c/element 200 3298 ms - 137 
&amp#27;[38;5;82m[56975e30]&amp#27;[0m&amp#27;[38;5;86m[HTTP]&amp#27;[0m &amp#27;[37m-->&amp#27;[39m &amp#27;[37mGET&amp#27;[39m &amp#27;[37m/session/56975e30-f9c5-4563-8834-533d54c9419c/element/00000000-0000-0110-ffff-ffff0000001c/displayed&amp#27;[39m {}
&amp#27;[38;5;82m[56975e30]&amp#27;[0m&amp#27;[38;5;6m[AndroidUiautomator2Driver@e4ff]&amp#27;[0m Calling AppiumDriver.elementDisplayed() with args: ["00000000-0000-0110-ffff-ffff0000001c","56975e30-f9c5-4563-8834-533d54c9419c"]
&amp#27;[38;5;82m[56975e30]&amp#27;[0m&amp#27;[38;5;6m[AndroidUiautomator2Driver@e4ff]&amp#27;[0m Matched '/element/00000000-0000-0110-ffff-ffff0000001c/attribute/displayed' to command name 'getAttribute'
&amp#27;[38;5;82m[56975e30]&amp#27;[0m&amp#27;[38;5;6m[AndroidUiautomator2Driver@e4ff]&amp#27;[0m Proxying [GET /element/00000000-0000-0110-ffff-ffff0000001c/attribute/displayed] to [GET http://127.0.0.1:8201/session/0e6feb29-8d0e-4c08-9ba0-ddc8c9cfe479/element/00000000-0000-0110-ffff-ffff0000001c/attribute/displayed] with no body
&amp#27;[38;5;82m[56975e30]&amp#27;[0m&amp#27;[38;5;6m[AndroidUiautomator2Driver@e4ff]&amp#27;[0m Got response with status 200: {"sessionId":"0e6feb29-8d0e-4c08-9ba0-ddc8c9cfe479","value":"true"}
&amp#27;[38;5;82m[56975e30]&amp#27;[0m&amp#27;[38;5;6m[AndroidUiautomator2Driver@e4ff]&amp#27;[0m Responding to client with driver.elementDisplayed() result: true
&amp#27;[38;5;82m[56975e30]&amp#27;[0m&amp#27;[38;5;86m[HTTP]&amp#27;[0m <-- GET /session/56975e30-f9c5-4563-8834-533d54c9419c/element/00000000-0000-0110-ffff-ffff0000001c/displayed 200 665 ms - 14 
&amp#27;[38;5;82m[56975e30]&amp#27;[0m&amp#27;[38;5;86m[HTTP]&amp#27;[0m &amp#27;[37m-->&amp#27;[39m &amp#27;[37mGET&amp#27;[39m &amp#27;[37m/session/56975e30-f9c5-4563-8834-533d54c9419c/context&amp#27;[39m {}
&amp#27;[38;5;82m[56975e30]&amp#27;[0m&amp#27;[38;5;6m[AndroidUiautomator2Driver@e4ff]&amp#27;[0m Calling AppiumDriver.getCurrentContext() with args: ["56975e30-f9c5-4563-8834-533d54c9419c"]
&amp#27;[38;5;82m[56975e30]&amp#27;[0m&amp#27;[38;5;6m[AndroidUiautomator2Driver@e4ff]&amp#27;[0m Responding to client with driver.getCurrentContext() result: "NATIVE_APP"
&amp#27;[38;5;82m[56975e30]&amp#27;[0m&amp#27;[38;5;86m[HTTP]&amp#27;[0m <-- GET /session/56975e30-f9c5-4563-8834-533d54c9419c/context 200 3 ms - 22 
&amp#27;[38;5;82m[56975e30]&amp#27;[0m&amp#27;[38;5;86m[HTTP]&amp#27;[0m &amp#27;[37m-->&amp#27;[39m &amp#27;[37mPOST&amp#27;[39m &amp#27;[37m/session/56975e30-f9c5-4563-8834-533d54c9419c/element&amp#27;[39m {"using":"id","value":"com.androidsample.generalstore:id/nameField"}
&amp#27;[38;5;82m[56975e30]&amp#27;[0m&amp#27;[38;5;6m[AndroidUiautomator2Driver@e4ff]&amp#27;[0m Calling AppiumDriver.findElement() with args: ["id","com.androidsample.generalstore:id/nameField","56975e30-f9c5-4563-8834-533d54c9419c"]
&amp#27;[38;5;82m[56975e30]&amp#27;[0m&amp#27;[38;5;6m[AndroidUiautomator2Driver@e4ff]&amp#27;[0m Valid locator strategies for this request: xpath, id, class name, accessibility id, css selector, -android uiautomator
&amp#27;[38;5;82m[56975e30]&amp#27;[0m&amp#27;[38;5;6m[AndroidUiautomator2Driver@e4ff]&amp#27;[0m Waiting up to 10000 ms for condition
&amp#27;[38;5;82m[56975e30]&amp#27;[0m&amp#27;[38;5;6m[AndroidUiautomator2Driver@e4ff]&amp#27;[0m Matched '/element' to command name 'findElement'
&amp#27;[38;5;82m[56975e30]&amp#27;[0m&amp#27;[38;5;6m[AndroidUiautomator2Driver@e4ff]&amp#27;[0m Proxying [POST /element] to [POST http://127.0.0.1:8201/session/0e6feb29-8d0e-4c08-9ba0-ddc8c9cfe479/element] with body: {"strategy":"id","selector":"com.androidsample.generalstore:id/nameField","context":"","multiple":false}
&amp#27;[38;5;82m[56975e30]&amp#27;[0m&amp#27;[38;5;6m[AndroidUiautomator2Driver@e4ff]&amp#27;[0m Got response with status 200: {"sessionId":"0e6feb29-8d0e-4c08-9ba0-ddc8c9cfe479","value":{"ELEMENT":"00000000-0000-0110-ffff-ffff0000001c","element-6066-11e4-a52e-4f735466cecf":"00000000-0000-0110-ffff-ffff0000001c"}}
&amp#27;[38;5;82m[56975e30]&amp#27;[0m&amp#27;[38;5;6m[AndroidUiautomator2Driver@e4ff]&amp#27;[0m Responding to client with driver.findElement() result: {"element-6066-11e4-a52e-4f735466cecf":"00000000-0000-0110-ffff-ffff0000001c","ELEMENT":"00000000-0000-0110-ffff-ffff0000001c"}
&amp#27;[38;5;82m[56975e30]&amp#27;[0m&amp#27;[38;5;86m[HTTP]&amp#27;[0m <-- POST /session/56975e30-f9c5-4563-8834-533d54c9419c/element 200 29 ms - 137 
&amp#27;[38;5;82m[56975e30]&amp#27;[0m&amp#27;[38;5;86m[HTTP]&amp#27;[0m &amp#27;[37m-->&amp#27;[39m &amp#27;[37mPOST&amp#27;[39m &amp#27;[37m/session/56975e30-f9c5-4563-8834-533d54c9419c/element/00000000-0000-0110-ffff-ffff0000001c/value&amp#27;[39m {"text":"Hussien","value":["H","u","s","s","i","e","n"],"id":"00000000-0000-0110-ffff-ffff0000001c"}
&amp#27;[38;5;82m[56975e30]&amp#27;[0m&amp#27;[38;5;6m[AndroidUiautomator2Driver@e4ff]&amp#27;[0m Calling AppiumDriver.setValue() with args: [["H","u","s","s","i","e","n"],"00000000-0000-0110-ffff-ffff0000001c","56975e30-f9c5-4563-8834-533d54c9419c"]
&amp#27;[38;5;82m[56975e30]&amp#27;[0m&amp#27;[38;5;6m[AndroidUiautomator2Driver@e4ff]&amp#27;[0m Matched '/element/00000000-0000-0110-ffff-ffff0000001c/value' to command name 'setValue'
&amp#27;[38;5;82m[56975e30]&amp#27;[0m&amp#27;[38;5;6m[AndroidUiautomator2Driver@e4ff]&amp#27;[0m Added 'value' property ["H","u","s","s","i","e","n"] to 'setValue' request body
&amp#27;[38;5;82m[56975e30]&amp#27;[0m&amp#27;[38;5;6m[AndroidUiautomator2Driver@e4ff]&amp#27;[0m Proxying [POST /element/00000000-0000-0110-ffff-ffff0000001c/value] to [POST http://127.0.0.1:8201/session/0e6feb29-8d0e-4c08-9ba0-ddc8c9cfe479/element/00000000-0000-0110-ffff-ffff0000001c/value] with body: {"elementId":"00000000-0000-0110-ffff-ffff0000001c","text":"Hussien","replace":false,"value":["H","u","s","s","i","e","n"]}
&amp#27;[38;5;82m[56975e30]&amp#27;[0m&amp#27;[38;5;6m[AndroidUiautomator2Driver@e4ff]&amp#27;[0m Got response with status 200: {"sessionId":"0e6feb29-8d0e-4c08-9ba0-ddc8c9cfe479","value":null}
&amp#27;[38;5;82m[56975e30]&amp#27;[0m&amp#27;[38;5;6m[AndroidUiautomator2Driver@e4ff]&amp#27;[0m Responding to client with driver.setValue() result: null
&amp#27;[38;5;82m[56975e30]&amp#27;[0m&amp#27;[38;5;86m[HTTP]&amp#27;[0m <-- POST /session/56975e30-f9c5-4563-8834-533d54c9419c/element/00000000-0000-0110-ffff-ffff0000001c/value 200 544 ms - 14 
&amp#27;[38;5;82m[56975e30]&amp#27;[0m&amp#27;[38;5;86m[HTTP]&amp#27;[0m &amp#27;[37m-->&amp#27;[39m &amp#27;[37mPOST&amp#27;[39m &amp#27;[37m/session/56975e30-f9c5-4563-8834-533d54c9419c/execute/sync&amp#27;[39m {"script":"mobile: hideKeyboard","args":[]}
&amp#27;[38;5;82m[56975e30]&amp#27;[0m&amp#27;[38;5;6m[AndroidUiautomator2Driver@e4ff]&amp#27;[0m Calling AppiumDriver.execute() with args: ["mobile: hideKeyboard",[],"56975e30-f9c5-4563-8834-533d54c9419c"]
&amp#27;[38;5;82m[56975e30]&amp#27;[0m&amp#27;[38;5;229m[ADB]&amp#27;[0m Running '/Users/hussien/Library/Android/sdk/platform-tools/adb -P 5037 -s emulator-5554 shell dumpsys input_method'
&amp#27;[38;5;82m[56975e30]&amp#27;[0m&amp#27;[38;5;229m[ADB]&amp#27;[0m Keyboard has no UI; no closing necessary
&amp#27;[38;5;82m[56975e30]&amp#27;[0m&amp#27;[38;5;6m[AndroidUiautomator2Driver@e4ff]&amp#27;[0m Responding to client with driver.execute() result: false
&amp#27;[38;5;82m[56975e30]&amp#27;[0m&amp#27;[38;5;86m[HTTP]&amp#27;[0m <-- POST /session/56975e30-f9c5-4563-8834-533d54c9419c/execute/sync 200 180 ms - 15 
Invalid gender 
&amp#27;[38;5;82m[56975e30]&amp#27;[0m&amp#27;[38;5;86m[HTTP]&amp#27;[0m &amp#27;[37m-->&amp#27;[39m &amp#27;[37mGET&amp#27;[39m &amp#27;[37m/session/56975e30-f9c5-4563-8834-533d54c9419c/context&amp#27;[39m {}
&amp#27;[38;5;82m[56975e30]&amp#27;[0m&amp#27;[38;5;6m[AndroidUiautomator2Driver@e4ff]&amp#27;[0m Calling AppiumDriver.getCurrentContext() with args: ["56975e30-f9c5-4563-8834-533d54c9419c"]
&amp#27;[38;5;82m[56975e30]&amp#27;[0m&amp#27;[38;5;6m[AndroidUiautomator2Driver@e4ff]&amp#27;[0m Responding to client with driver.getCurrentContext() result: "NATIVE_APP"
&amp#27;[38;5;82m[56975e30]&amp#27;[0m&amp#27;[38;5;86m[HTTP]&amp#27;[0m <-- GET /session/56975e30-f9c5-4563-8834-533d54c9419c/context 200 2 ms - 22 
&amp#27;[38;5;82m[56975e30]&amp#27;[0m&amp#27;[38;5;86m[HTTP]&amp#27;[0m &amp#27;[37m-->&amp#27;[39m &amp#27;[37mPOST&amp#27;[39m &amp#27;[37m/session/56975e30-f9c5-4563-8834-533d54c9419c/element&amp#27;[39m {"using":"id","value":"com.androidsample.generalstore:id/spinnerCountry"}
&amp#27;[38;5;82m[56975e30]&amp#27;[0m&amp#27;[38;5;6m[AndroidUiautomator2Driver@e4ff]&amp#27;[0m Calling AppiumDriver.findElement() with args: ["id","com.androidsample.generalstore:id/spinnerCountry","56975e30-f9c5-4563-8834-533d54c9419c"]
&amp#27;[38;5;82m[56975e30]&amp#27;[0m&amp#27;[38;5;6m[AndroidUiautomator2Driver@e4ff]&amp#27;[0m Valid locator strategies for this request: xpath, id, class name, accessibility id, css selector, -android uiautomator
&amp#27;[38;5;82m[56975e30]&amp#27;[0m&amp#27;[38;5;6m[AndroidUiautomator2Driver@e4ff]&amp#27;[0m Waiting up to 10000 ms for condition
&amp#27;[38;5;82m[56975e30]&amp#27;[0m&amp#27;[38;5;6m[AndroidUiautomator2Driver@e4ff]&amp#27;[0m Matched '/element' to command name 'findElement'
&amp#27;[38;5;82m[56975e30]&amp#27;[0m&amp#27;[38;5;6m[AndroidUiautomator2Driver@e4ff]&amp#27;[0m Proxying [POST /element] to [POST http://127.0.0.1:8201/session/0e6feb29-8d0e-4c08-9ba0-ddc8c9cfe479/element] with body: {"strategy":"id","selector":"com.androidsample.generalstore:id/spinnerCountry","context":"","multiple":false}
&amp#27;[38;5;82m[56975e30]&amp#27;[0m&amp#27;[38;5;6m[AndroidUiautomator2Driver@e4ff]&amp#27;[0m Got response with status 200: {"sessionId":"0e6feb29-8d0e-4c08-9ba0-ddc8c9cfe479","value":{"ELEMENT":"00000000-0000-0110-ffff-ffff0000001a","element-6066-11e4-a52e-4f735466cecf":"00000000-0000-0110-ffff-ffff0000001a"}}
&amp#27;[38;5;82m[56975e30]&amp#27;[0m&amp#27;[38;5;6m[AndroidUiautomator2Driver@e4ff]&amp#27;[0m Responding to client with driver.findElement() result: {"element-6066-11e4-a52e-4f735466cecf":"00000000-0000-0110-ffff-ffff0000001a","ELEMENT":"00000000-0000-0110-ffff-ffff0000001a"}
&amp#27;[38;5;82m[56975e30]&amp#27;[0m&amp#27;[38;5;86m[HTTP]&amp#27;[0m <-- POST /session/56975e30-f9c5-4563-8834-533d54c9419c/element 200 299 ms - 137 
&amp#27;[38;5;82m[56975e30]&amp#27;[0m&amp#27;[38;5;86m[HTTP]&amp#27;[0m &amp#27;[37m-->&amp#27;[39m &amp#27;[37mPOST&amp#27;[39m &amp#27;[37m/session/56975e30-f9c5-4563-8834-533d54c9419c/element/00000000-0000-0110-ffff-ffff0000001a/click&amp#27;[39m {"id":"00000000-0000-0110-ffff-ffff0000001a"}
&amp#27;[38;5;82m[56975e30]&amp#27;[0m&amp#27;[38;5;6m[AndroidUiautomator2Driver@e4ff]&amp#27;[0m Calling AppiumDriver.click() with args: ["00000000-0000-0110-ffff-ffff0000001a","56975e30-f9c5-4563-8834-533d54c9419c"]
&amp#27;[38;5;82m[56975e30]&amp#27;[0m&amp#27;[38;5;6m[AndroidUiautomator2Driver@e4ff]&amp#27;[0m Matched '/element/00000000-0000-0110-ffff-ffff0000001a/click' to command name 'click'
&amp#27;[38;5;82m[56975e30]&amp#27;[0m&amp#27;[38;5;6m[AndroidUiautomator2Driver@e4ff]&amp#27;[0m Proxying [POST /element/00000000-0000-0110-ffff-ffff0000001a/click] to [POST http://127.0.0.1:8201/session/0e6feb29-8d0e-4c08-9ba0-ddc8c9cfe479/element/00000000-0000-0110-ffff-ffff0000001a/click] with body: {"element":"00000000-0000-0110-ffff-ffff0000001a"}
&amp#27;[38;5;82m[56975e30]&amp#27;[0m&amp#27;[38;5;6m[AndroidUiautomator2Driver@e4ff]&amp#27;[0m Got response with status 200: {"sessionId":"0e6feb29-8d0e-4c08-9ba0-ddc8c9cfe479","value":null}
&amp#27;[38;5;82m[56975e30]&amp#27;[0m&amp#27;[38;5;6m[AndroidUiautomator2Driver@e4ff]&amp#27;[0m Responding to client with driver.click() result: null
&amp#27;[38;5;82m[56975e30]&amp#27;[0m&amp#27;[38;5;86m[HTTP]&amp#27;[0m <-- POST /session/56975e30-f9c5-4563-8834-533d54c9419c/element/00000000-0000-0110-ffff-ffff0000001a/click 200 48 ms - 14 
&amp#27;[38;5;82m[56975e30]&amp#27;[0m&amp#27;[38;5;86m[HTTP]&amp#27;[0m &amp#27;[37m-->&amp#27;[39m &amp#27;[37mPOST&amp#27;[39m &amp#27;[37m/session/56975e30-f9c5-4563-8834-533d54c9419c/element&amp#27;[39m {"using":"-android uiautomator","value":"new UiScrollable(new UiSelector()).scrollIntoView(text(\"Cuba\"))"}
&amp#27;[38;5;82m[56975e30]&amp#27;[0m&amp#27;[38;5;6m[AndroidUiautomator2Driver@e4ff]&amp#27;[0m Calling AppiumDriver.findElement() with args: ["-android uiautomator","new UiScrollable(new UiSelector()).scrollIntoView(text(\"Cuba\"))","56975e30-f9c5-4563-8834-533d54c9419c"]
&amp#27;[38;5;82m[56975e30]&amp#27;[0m&amp#27;[38;5;6m[AndroidUiautomator2Driver@e4ff]&amp#27;[0m Valid locator strategies for this request: xpath, id, class name, accessibility id, css selector, -android uiautomator
&amp#27;[38;5;82m[56975e30]&amp#27;[0m&amp#27;[38;5;6m[AndroidUiautomator2Driver@e4ff]&amp#27;[0m Waiting up to 10000 ms for condition
&amp#27;[38;5;82m[56975e30]&amp#27;[0m&amp#27;[38;5;6m[AndroidUiautomator2Driver@e4ff]&amp#27;[0m Matched '/element' to command name 'findElement'
&amp#27;[38;5;82m[56975e30]&amp#27;[0m&amp#27;[38;5;6m[AndroidUiautomator2Driver@e4ff]&amp#27;[0m Proxying [POST /element] to [POST http://127.0.0.1:8201/session/0e6feb29-8d0e-4c08-9ba0-ddc8c9cfe479/element] with body: {"strategy":"-android uiautomator","selector":"new UiScrollable(new UiSelector()).scrollIntoView(text(\"Cuba\"))","context":"","multiple":false}
&amp#27;[38;5;82m[56975e30]&amp#27;[0m&amp#27;[38;5;6m[AndroidUiautomator2Driver@e4ff]&amp#27;[0m Got response with status 200: {"sessionId":"0e6feb29-8d0e-4c08-9ba0-ddc8c9cfe479","value":{"ELEMENT":"00000000-0000-0111-ffff-ffff00000033","element-6066-11e4-a52e-4f735466cecf":"00000000-0000-0111-ffff-ffff00000033"}}
&amp#27;[38;5;82m[56975e30]&amp#27;[0m&amp#27;[38;5;6m[AndroidUiautomator2Driver@e4ff]&amp#27;[0m Responding to client with driver.findElement() result: {"element-6066-11e4-a52e-4f735466cecf":"00000000-0000-0111-ffff-ffff00000033","ELEMENT":"00000000-0000-0111-ffff-ffff00000033"}
&amp#27;[38;5;82m[56975e30]&amp#27;[0m&amp#27;[38;5;86m[HTTP]&amp#27;[0m <-- POST /session/56975e30-f9c5-4563-8834-533d54c9419c/element 200 13775 ms - 137 
&amp#27;[38;5;82m[56975e30]&amp#27;[0m&amp#27;[38;5;86m[HTTP]&amp#27;[0m &amp#27;[37m-->&amp#27;[39m &amp#27;[37mPOST&amp#27;[39m &amp#27;[37m/session/56975e30-f9c5-4563-8834-533d54c9419c/element/00000000-0000-0111-ffff-ffff00000033/click&amp#27;[39m {"id":"00000000-0000-0111-ffff-ffff00000033"}
&amp#27;[38;5;82m[56975e30]&amp#27;[0m&amp#27;[38;5;6m[AndroidUiautomator2Driver@e4ff]&amp#27;[0m Calling AppiumDriver.click() with args: ["00000000-0000-0111-ffff-ffff00000033","56975e30-f9c5-4563-8834-533d54c9419c"]
&amp#27;[38;5;82m[56975e30]&amp#27;[0m&amp#27;[38;5;6m[AndroidUiautomator2Driver@e4ff]&amp#27;[0m Matched '/element/00000000-0000-0111-ffff-ffff00000033/click' to command name 'click'
&amp#27;[38;5;82m[56975e30]&amp#27;[0m&amp#27;[38;5;6m[AndroidUiautomator2Driver@e4ff]&amp#27;[0m Proxying [POST /element/00000000-0000-0111-ffff-ffff00000033/click] to [POST http://127.0.0.1:8201/session/0e6feb29-8d0e-4c08-9ba0-ddc8c9cfe479/element/00000000-0000-0111-ffff-ffff00000033/click] with body: {"element":"00000000-0000-0111-ffff-ffff00000033"}
&amp#27;[38;5;82m[56975e30]&amp#27;[0m&amp#27;[38;5;6m[AndroidUiautomator2Driver@e4ff]&amp#27;[0m Got response with status 200: {"sessionId":"0e6feb29-8d0e-4c08-9ba0-ddc8c9cfe479","value":null}
&amp#27;[38;5;82m[56975e30]&amp#27;[0m&amp#27;[38;5;6m[AndroidUiautomator2Driver@e4ff]&amp#27;[0m Responding to client with driver.click() result: null
&amp#27;[38;5;82m[56975e30]&amp#27;[0m&amp#27;[38;5;86m[HTTP]&amp#27;[0m <-- POST /session/56975e30-f9c5-4563-8834-533d54c9419c/element/00000000-0000-0111-ffff-ffff00000033/click 200 690 ms - 14 
&amp#27;[38;5;82m[56975e30]&amp#27;[0m&amp#27;[38;5;86m[HTTP]&amp#27;[0m &amp#27;[37m-->&amp#27;[39m &amp#27;[37mGET&amp#27;[39m &amp#27;[37m/session/56975e30-f9c5-4563-8834-533d54c9419c/context&amp#27;[39m {}
&amp#27;[38;5;82m[56975e30]&amp#27;[0m&amp#27;[38;5;6m[AndroidUiautomator2Driver@e4ff]&amp#27;[0m Calling AppiumDriver.getCurrentContext() with args: ["56975e30-f9c5-4563-8834-533d54c9419c"]
&amp#27;[38;5;82m[56975e30]&amp#27;[0m&amp#27;[38;5;6m[AndroidUiautomator2Driver@e4ff]&amp#27;[0m Responding to client with driver.getCurrentContext() result: "NATIVE_APP"
&amp#27;[38;5;82m[56975e30]&amp#27;[0m&amp#27;[38;5;86m[HTTP]&amp#27;[0m <-- GET /session/56975e30-f9c5-4563-8834-533d54c9419c/context 200 2 ms - 22 
&amp#27;[38;5;82m[56975e30]&amp#27;[0m&amp#27;[38;5;86m[HTTP]&amp#27;[0m &amp#27;[37m-->&amp#27;[39m &amp#27;[37mPOST&amp#27;[39m &amp#27;[37m/session/56975e30-f9c5-4563-8834-533d54c9419c/element&amp#27;[39m {"using":"id","value":"com.androidsample.generalstore:id/btnLetsShop"}
&amp#27;[38;5;82m[56975e30]&amp#27;[0m&amp#27;[38;5;6m[AndroidUiautomator2Driver@e4ff]&amp#27;[0m Calling AppiumDriver.findElement() with args: ["id","com.androidsample.generalstore:id/btnLetsShop","56975e30-f9c5-4563-8834-533d54c9419c"]
&amp#27;[38;5;82m[56975e30]&amp#27;[0m&amp#27;[38;5;6m[AndroidUiautomator2Driver@e4ff]&amp#27;[0m Valid locator strategies for this request: xpath, id, class name, accessibility id, css selector, -android uiautomator
&amp#27;[38;5;82m[56975e30]&amp#27;[0m&amp#27;[38;5;6m[AndroidUiautomator2Driver@e4ff]&amp#27;[0m Waiting up to 10000 ms for condition
&amp#27;[38;5;82m[56975e30]&amp#27;[0m&amp#27;[38;5;6m[AndroidUiautomator2Driver@e4ff]&amp#27;[0m Matched '/element' to command name 'findElement'
&amp#27;[38;5;82m[56975e30]&amp#27;[0m&amp#27;[38;5;6m[AndroidUiautomator2Driver@e4ff]&amp#27;[0m Proxying [POST /element] to [POST http://127.0.0.1:8201/session/0e6feb29-8d0e-4c08-9ba0-ddc8c9cfe479/element] with body: {"strategy":"id","selector":"com.androidsample.generalstore:id/btnLetsShop","context":"","multiple":false}
&amp#27;[38;5;82m[56975e30]&amp#27;[0m&amp#27;[38;5;6m[AndroidUiautomator2Driver@e4ff]&amp#27;[0m Got response with status 200: {"sessionId":"0e6feb29-8d0e-4c08-9ba0-ddc8c9cfe479","value":{"ELEMENT":"00000000-0000-0110-ffff-ffff00000021","element-6066-11e4-a52e-4f735466cecf":"00000000-0000-0110-ffff-ffff00000021"}}
&amp#27;[38;5;82m[56975e30]&amp#27;[0m&amp#27;[38;5;6m[AndroidUiautomator2Driver@e4ff]&amp#27;[0m Responding to client with driver.findElement() result: {"element-6066-11e4-a52e-4f735466cecf":"00000000-0000-0110-ffff-ffff00000021","ELEMENT":"00000000-0000-0110-ffff-ffff00000021"}
&amp#27;[38;5;82m[56975e30]&amp#27;[0m&amp#27;[38;5;86m[HTTP]&amp#27;[0m <-- POST /session/56975e30-f9c5-4563-8834-533d54c9419c/element 200 18 ms - 137 
&amp#27;[38;5;82m[56975e30]&amp#27;[0m&amp#27;[38;5;86m[HTTP]&amp#27;[0m &amp#27;[37m-->&amp#27;[39m &amp#27;[37mPOST&amp#27;[39m &amp#27;[37m/session/56975e30-f9c5-4563-8834-533d54c9419c/element/00000000-0000-0110-ffff-ffff00000021/click&amp#27;[39m {"id":"00000000-0000-0110-ffff-ffff00000021"}
&amp#27;[38;5;82m[56975e30]&amp#27;[0m&amp#27;[38;5;6m[AndroidUiautomator2Driver@e4ff]&amp#27;[0m Calling AppiumDriver.click() with args: ["00000000-0000-0110-ffff-ffff00000021","56975e30-f9c5-4563-8834-533d54c9419c"]
&amp#27;[38;5;82m[56975e30]&amp#27;[0m&amp#27;[38;5;6m[AndroidUiautomator2Driver@e4ff]&amp#27;[0m Matched '/element/00000000-0000-0110-ffff-ffff00000021/click' to command name 'click'
&amp#27;[38;5;82m[56975e30]&amp#27;[0m&amp#27;[38;5;6m[AndroidUiautomator2Driver@e4ff]&amp#27;[0m Proxying [POST /element/00000000-0000-0110-ffff-ffff00000021/click] to [POST http://127.0.0.1:8201/session/0e6feb29-8d0e-4c08-9ba0-ddc8c9cfe479/element/00000000-0000-0110-ffff-ffff00000021/click] with body: {"element":"00000000-0000-0110-ffff-ffff00000021"}
&amp#27;[38;5;82m[56975e30]&amp#27;[0m&amp#27;[38;5;6m[AndroidUiautomator2Driver@e4ff]&amp#27;[0m Got response with status 200: {"sessionId":"0e6feb29-8d0e-4c08-9ba0-ddc8c9cfe479","value":null}
&amp#27;[38;5;82m[56975e30]&amp#27;[0m&amp#27;[38;5;6m[AndroidUiautomator2Driver@e4ff]&amp#27;[0m Responding to client with driver.click() result: null
&amp#27;[38;5;82m[56975e30]&amp#27;[0m&amp#27;[38;5;86m[HTTP]&amp#27;[0m <-- POST /session/56975e30-f9c5-4563-8834-533d54c9419c/element/00000000-0000-0110-ffff-ffff00000021/click 200 49 ms - 14 
&amp#27;[38;5;82m[56975e30]&amp#27;[0m&amp#27;[38;5;86m[HTTP]&amp#27;[0m &amp#27;[37m-->&amp#27;[39m &amp#27;[37mGET&amp#27;[39m &amp#27;[37m/session/56975e30-f9c5-4563-8834-533d54c9419c/context&amp#27;[39m {}
&amp#27;[38;5;82m[56975e30]&amp#27;[0m&amp#27;[38;5;6m[AndroidUiautomator2Driver@e4ff]&amp#27;[0m Calling AppiumDriver.getCurrentContext() with args: ["56975e30-f9c5-4563-8834-533d54c9419c"]
&amp#27;[38;5;82m[56975e30]&amp#27;[0m&amp#27;[38;5;6m[AndroidUiautomator2Driver@e4ff]&amp#27;[0m Responding to client with driver.getCurrentContext() result: "NATIVE_APP"
&amp#27;[38;5;82m[56975e30]&amp#27;[0m&amp#27;[38;5;86m[HTTP]&amp#27;[0m <-- GET /session/56975e30-f9c5-4563-8834-533d54c9419c/context 200 1 ms - 22 
&amp#27;[38;5;82m[56975e30]&amp#27;[0m&amp#27;[38;5;86m[HTTP]&amp#27;[0m &amp#27;[37m-->&amp#27;[39m &amp#27;[37mPOST&amp#27;[39m &amp#27;[37m/session/56975e30-f9c5-4563-8834-533d54c9419c/elements&amp#27;[39m {"using":"xpath","value":"//android.widget.TextView[@text='ADD TO CART']"}
&amp#27;[38;5;82m[56975e30]&amp#27;[0m&amp#27;[38;5;6m[AndroidUiautomator2Driver@e4ff]&amp#27;[0m Calling AppiumDriver.findElements() with args: ["xpath","//android.widget.TextView[@text='ADD TO CART']","56975e30-f9c5-4563-8834-533d54c9419c"]
&amp#27;[38;5;82m[56975e30]&amp#27;[0m&amp#27;[38;5;6m[AndroidUiautomator2Driver@e4ff]&amp#27;[0m Valid locator strategies for this request: xpath, id, class name, accessibility id, css selector, -android uiautomator
&amp#27;[38;5;82m[56975e30]&amp#27;[0m&amp#27;[38;5;6m[AndroidUiautomator2Driver@e4ff]&amp#27;[0m Waiting up to 10000 ms for condition
&amp#27;[38;5;82m[56975e30]&amp#27;[0m&amp#27;[38;5;6m[AndroidUiautomator2Driver@e4ff]&amp#27;[0m Matched '/elements' to command name 'findElements'
&amp#27;[38;5;82m[56975e30]&amp#27;[0m&amp#27;[38;5;6m[AndroidUiautomator2Driver@e4ff]&amp#27;[0m Proxying [POST /elements] to [POST http://127.0.0.1:8201/session/0e6feb29-8d0e-4c08-9ba0-ddc8c9cfe479/elements] with body: {"strategy":"xpath","selector":"//android.widget.TextView[@text='ADD TO CART']","context":"","multiple":true}
&amp#27;[38;5;82m[56975e30]&amp#27;[0m&amp#27;[38;5;6m[AndroidUiautomator2Driver@e4ff]&amp#27;[0m Got response with status 200: {"sessionId":"0e6feb29-8d0e-4c08-9ba0-ddc8c9cfe479","value":[{"ELEMENT":"00000000-0000-0112-ffff-ffff00000052","element-6066-11e4-a52e-4f735466cecf":"00000000-0000-0112-ffff-ffff00000052"},{"ELEMENT":"00000000-0000-0112-ffff-ffff0000005a","element-6066-11e4-a52e-4f735466cecf":"00000000-0000-0112-ffff-ffff0000005a"}]}
&amp#27;[38;5;82m[56975e30]&amp#27;[0m&amp#27;[38;5;6m[AndroidUiautomator2Driver@e4ff]&amp#27;[0m Responding to client with driver.findElements() result: [{"element-6066-11e4-a52e-4f735466cecf":"00000000-0000-0112-ffff-ffff00000052","ELEMENT":"00000000-0000-0112-ffff-ffff00000052"},{"element-6066-11e4-a52e-4f735466cecf":"00000000-0000-0112-ffff-ffff0000005a","ELEMENT":"00000000-0000-0112-ffff-ffff0000005a"}]
&amp#27;[38;5;82m[56975e30]&amp#27;[0m&amp#27;[38;5;86m[HTTP]&amp#27;[0m <-- POST /session/56975e30-f9c5-4563-8834-533d54c9419c/elements 200 1156 ms - 267 
&amp#27;[38;5;82m[56975e30]&amp#27;[0m&amp#27;[38;5;86m[HTTP]&amp#27;[0m &amp#27;[37m-->&amp#27;[39m &amp#27;[37mPOST&amp#27;[39m &amp#27;[37m/session/56975e30-f9c5-4563-8834-533d54c9419c/element/00000000-0000-0112-ffff-ffff00000052/click&amp#27;[39m {"id":"00000000-0000-0112-ffff-ffff00000052"}
&amp#27;[38;5;82m[56975e30]&amp#27;[0m&amp#27;[38;5;6m[AndroidUiautomator2Driver@e4ff]&amp#27;[0m Calling AppiumDriver.click() with args: ["00000000-0000-0112-ffff-ffff00000052","56975e30-f9c5-4563-8834-533d54c9419c"]
&amp#27;[38;5;82m[56975e30]&amp#27;[0m&amp#27;[38;5;6m[AndroidUiautomator2Driver@e4ff]&amp#27;[0m Matched '/element/00000000-0000-0112-ffff-ffff00000052/click' to command name 'click'
&amp#27;[38;5;82m[56975e30]&amp#27;[0m&amp#27;[38;5;6m[AndroidUiautomator2Driver@e4ff]&amp#27;[0m Proxying [POST /element/00000000-0000-0112-ffff-ffff00000052/click] to [POST http://127.0.0.1:8201/session/0e6feb29-8d0e-4c08-9ba0-ddc8c9cfe479/element/00000000-0000-0112-ffff-ffff00000052/click] with body: {"element":"00000000-0000-0112-ffff-ffff00000052"}
&amp#27;[38;5;82m[56975e30]&amp#27;[0m&amp#27;[38;5;6m[AndroidUiautomator2Driver@e4ff]&amp#27;[0m Got response with status 200: {"sessionId":"0e6feb29-8d0e-4c08-9ba0-ddc8c9cfe479","value":null}
&amp#27;[38;5;82m[56975e30]&amp#27;[0m&amp#27;[38;5;6m[AndroidUiautomator2Driver@e4ff]&amp#27;[0m Responding to client with driver.click() result: null
&amp#27;[38;5;82m[56975e30]&amp#27;[0m&amp#27;[38;5;86m[HTTP]&amp#27;[0m <-- POST /session/56975e30-f9c5-4563-8834-533d54c9419c/element/00000000-0000-0112-ffff-ffff00000052/click 200 534 ms - 14 
&amp#27;[38;5;82m[56975e30]&amp#27;[0m&amp#27;[38;5;86m[HTTP]&amp#27;[0m &amp#27;[37m-->&amp#27;[39m &amp#27;[37mGET&amp#27;[39m &amp#27;[37m/session/56975e30-f9c5-4563-8834-533d54c9419c/context&amp#27;[39m {}
&amp#27;[38;5;82m[56975e30]&amp#27;[0m&amp#27;[38;5;6m[AndroidUiautomator2Driver@e4ff]&amp#27;[0m Calling AppiumDriver.getCurrentContext() with args: ["56975e30-f9c5-4563-8834-533d54c9419c"]
&amp#27;[38;5;82m[56975e30]&amp#27;[0m&amp#27;[38;5;6m[AndroidUiautomator2Driver@e4ff]&amp#27;[0m Responding to client with driver.getCurrentContext() result: "NATIVE_APP"
&amp#27;[38;5;82m[56975e30]&amp#27;[0m&amp#27;[38;5;86m[HTTP]&amp#27;[0m <-- GET /session/56975e30-f9c5-4563-8834-533d54c9419c/context 200 1 ms - 22 
&amp#27;[38;5;82m[56975e30]&amp#27;[0m&amp#27;[38;5;86m[HTTP]&amp#27;[0m &amp#27;[37m-->&amp#27;[39m &amp#27;[37mPOST&amp#27;[39m &amp#27;[37m/session/56975e30-f9c5-4563-8834-533d54c9419c/elements&amp#27;[39m {"using":"xpath","value":"//android.widget.TextView[@text='ADD TO CART']"}
&amp#27;[38;5;82m[56975e30]&amp#27;[0m&amp#27;[38;5;6m[AndroidUiautomator2Driver@e4ff]&amp#27;[0m Calling AppiumDriver.findElements() with args: ["xpath","//android.widget.TextView[@text='ADD TO CART']","56975e30-f9c5-4563-8834-533d54c9419c"]
&amp#27;[38;5;82m[56975e30]&amp#27;[0m&amp#27;[38;5;6m[AndroidUiautomator2Driver@e4ff]&amp#27;[0m Valid locator strategies for this request: xpath, id, class name, accessibility id, css selector, -android uiautomator
&amp#27;[38;5;82m[56975e30]&amp#27;[0m&amp#27;[38;5;6m[AndroidUiautomator2Driver@e4ff]&amp#27;[0m Waiting up to 10000 ms for condition
&amp#27;[38;5;82m[56975e30]&amp#27;[0m&amp#27;[38;5;6m[AndroidUiautomator2Driver@e4ff]&amp#27;[0m Matched '/elements' to command name 'findElements'
&amp#27;[38;5;82m[56975e30]&amp#27;[0m&amp#27;[38;5;6m[AndroidUiautomator2Driver@e4ff]&amp#27;[0m Proxying [POST /elements] to [POST http://127.0.0.1:8201/session/0e6feb29-8d0e-4c08-9ba0-ddc8c9cfe479/elements] with body: {"strategy":"xpath","selector":"//android.widget.TextView[@text='ADD TO CART']","context":"","multiple":true}
&amp#27;[38;5;82m[56975e30]&amp#27;[0m&amp#27;[38;5;6m[AndroidUiautomator2Driver@e4ff]&amp#27;[0m Got response with status 200: {"sessionId":"0e6feb29-8d0e-4c08-9ba0-ddc8c9cfe479","value":[{"ELEMENT":"00000000-0000-0112-ffff-ffff0000005a","element-6066-11e4-a52e-4f735466cecf":"00000000-0000-0112-ffff-ffff0000005a"}]}
&amp#27;[38;5;82m[56975e30]&amp#27;[0m&amp#27;[38;5;6m[AndroidUiautomator2Driver@e4ff]&amp#27;[0m Responding to client with driver.findElements() result: [{"element-6066-11e4-a52e-4f735466cecf":"00000000-0000-0112-ffff-ffff0000005a","ELEMENT":"00000000-0000-0112-ffff-ffff0000005a"}]
&amp#27;[38;5;82m[56975e30]&amp#27;[0m&amp#27;[38;5;86m[HTTP]&amp#27;[0m <-- POST /session/56975e30-f9c5-4563-8834-533d54c9419c/elements 200 33 ms - 139 
&amp#27;[38;5;82m[56975e30]&amp#27;[0m&amp#27;[38;5;86m[HTTP]&amp#27;[0m &amp#27;[37m-->&amp#27;[39m &amp#27;[37mPOST&amp#27;[39m &amp#27;[37m/session/56975e30-f9c5-4563-8834-533d54c9419c/element/00000000-0000-0112-ffff-ffff0000005a/click&amp#27;[39m {"id":"00000000-0000-0112-ffff-ffff0000005a"}
&amp#27;[38;5;82m[56975e30]&amp#27;[0m&amp#27;[38;5;6m[AndroidUiautomator2Driver@e4ff]&amp#27;[0m Calling AppiumDriver.click() with args: ["00000000-0000-0112-ffff-ffff0000005a","56975e30-f9c5-4563-8834-533d54c9419c"]
&amp#27;[38;5;82m[56975e30]&amp#27;[0m&amp#27;[38;5;6m[AndroidUiautomator2Driver@e4ff]&amp#27;[0m Matched '/element/00000000-0000-0112-ffff-ffff0000005a/click' to command name 'click'
&amp#27;[38;5;82m[56975e30]&amp#27;[0m&amp#27;[38;5;6m[AndroidUiautomator2Driver@e4ff]&amp#27;[0m Proxying [POST /element/00000000-0000-0112-ffff-ffff0000005a/click] to [POST http://127.0.0.1:8201/session/0e6feb29-8d0e-4c08-9ba0-ddc8c9cfe479/element/00000000-0000-0112-ffff-ffff0000005a/click] with body: {"element":"00000000-0000-0112-ffff-ffff0000005a"}
&amp#27;[38;5;82m[56975e30]&amp#27;[0m&amp#27;[38;5;6m[AndroidUiautomator2Driver@e4ff]&amp#27;[0m Got response with status 200: {"sessionId":"0e6feb29-8d0e-4c08-9ba0-ddc8c9cfe479","value":null}
&amp#27;[38;5;82m[56975e30]&amp#27;[0m&amp#27;[38;5;6m[AndroidUiautomator2Driver@e4ff]&amp#27;[0m Responding to client with driver.click() result: null
&amp#27;[38;5;82m[56975e30]&amp#27;[0m&amp#27;[38;5;86m[HTTP]&amp#27;[0m <-- POST /session/56975e30-f9c5-4563-8834-533d54c9419c/element/00000000-0000-0112-ffff-ffff0000005a/click 200 539 ms - 14 
&amp#27;[38;5;82m[56975e30]&amp#27;[0m&amp#27;[38;5;86m[HTTP]&amp#27;[0m &amp#27;[37m-->&amp#27;[39m &amp#27;[37mGET&amp#27;[39m &amp#27;[37m/session/56975e30-f9c5-4563-8834-533d54c9419c/context&amp#27;[39m {}
&amp#27;[38;5;82m[56975e30]&amp#27;[0m&amp#27;[38;5;6m[AndroidUiautomator2Driver@e4ff]&amp#27;[0m Calling AppiumDriver.getCurrentContext() with args: ["56975e30-f9c5-4563-8834-533d54c9419c"]
&amp#27;[38;5;82m[56975e30]&amp#27;[0m&amp#27;[38;5;6m[AndroidUiautomator2Driver@e4ff]&amp#27;[0m Responding to client with driver.getCurrentContext() result: "NATIVE_APP"
&amp#27;[38;5;82m[56975e30]&amp#27;[0m&amp#27;[38;5;86m[HTTP]&amp#27;[0m <-- GET /session/56975e30-f9c5-4563-8834-533d54c9419c/context 200 2 ms - 22 
&amp#27;[38;5;82m[56975e30]&amp#27;[0m&amp#27;[38;5;86m[HTTP]&amp#27;[0m &amp#27;[37m-->&amp#27;[39m &amp#27;[37mPOST&amp#27;[39m &amp#27;[37m/session/56975e30-f9c5-4563-8834-533d54c9419c/element&amp#27;[39m {"using":"id","value":"com.androidsample.generalstore:id/appbar_btn_cart"}
&amp#27;[38;5;82m[56975e30]&amp#27;[0m&amp#27;[38;5;6m[AndroidUiautomator2Driver@e4ff]&amp#27;[0m Calling AppiumDriver.findElement() with args: ["id","com.androidsample.generalstore:id/appbar_btn_cart","56975e30-f9c5-4563-8834-533d54c9419c"]
&amp#27;[38;5;82m[56975e30]&amp#27;[0m&amp#27;[38;5;6m[AndroidUiautomator2Driver@e4ff]&amp#27;[0m Valid locator strategies for this request: xpath, id, class name, accessibility id, css selector, -android uiautomator
&amp#27;[38;5;82m[56975e30]&amp#27;[0m&amp#27;[38;5;6m[AndroidUiautomator2Driver@e4ff]&amp#27;[0m Waiting up to 10000 ms for condition
&amp#27;[38;5;82m[56975e30]&amp#27;[0m&amp#27;[38;5;6m[AndroidUiautomator2Driver@e4ff]&amp#27;[0m Matched '/element' to command name 'findElement'
&amp#27;[38;5;82m[56975e30]&amp#27;[0m&amp#27;[38;5;6m[AndroidUiautomator2Driver@e4ff]&amp#27;[0m Proxying [POST /element] to [POST http://127.0.0.1:8201/session/0e6feb29-8d0e-4c08-9ba0-ddc8c9cfe479/element] with body: {"strategy":"id","selector":"com.androidsample.generalstore:id/appbar_btn_cart","context":"","multiple":false}
&amp#27;[38;5;82m[56975e30]&amp#27;[0m&amp#27;[38;5;6m[AndroidUiautomator2Driver@e4ff]&amp#27;[0m Got response with status 200: {"sessionId":"0e6feb29-8d0e-4c08-9ba0-ddc8c9cfe479","value":{"ELEMENT":"00000000-0000-0112-ffff-ffff00000045","element-6066-11e4-a52e-4f735466cecf":"00000000-0000-0112-ffff-ffff00000045"}}
&amp#27;[38;5;82m[56975e30]&amp#27;[0m&amp#27;[38;5;6m[AndroidUiautomator2Driver@e4ff]&amp#27;[0m Responding to client with driver.findElement() result: {"element-6066-11e4-a52e-4f735466cecf":"00000000-0000-0112-ffff-ffff00000045","ELEMENT":"00000000-0000-0112-ffff-ffff00000045"}
&amp#27;[38;5;82m[56975e30]&amp#27;[0m&amp#27;[38;5;86m[HTTP]&amp#27;[0m <-- POST /session/56975e30-f9c5-4563-8834-533d54c9419c/element 200 21 ms - 137 
&amp#27;[38;5;82m[56975e30]&amp#27;[0m&amp#27;[38;5;86m[HTTP]&amp#27;[0m &amp#27;[37m-->&amp#27;[39m &amp#27;[37mPOST&amp#27;[39m &amp#27;[37m/session/56975e30-f9c5-4563-8834-533d54c9419c/element/00000000-0000-0112-ffff-ffff00000045/click&amp#27;[39m {"id":"00000000-0000-0112-ffff-ffff00000045"}
&amp#27;[38;5;82m[56975e30]&amp#27;[0m&amp#27;[38;5;6m[AndroidUiautomator2Driver@e4ff]&amp#27;[0m Calling AppiumDriver.click() with args: ["00000000-0000-0112-ffff-ffff00000045","56975e30-f9c5-4563-8834-533d54c9419c"]
&amp#27;[38;5;82m[56975e30]&amp#27;[0m&amp#27;[38;5;6m[AndroidUiautomator2Driver@e4ff]&amp#27;[0m Matched '/element/00000000-0000-0112-ffff-ffff00000045/click' to command name 'click'
&amp#27;[38;5;82m[56975e30]&amp#27;[0m&amp#27;[38;5;6m[AndroidUiautomator2Driver@e4ff]&amp#27;[0m Proxying [POST /element/00000000-0000-0112-ffff-ffff00000045/click] to [POST http://127.0.0.1:8201/session/0e6feb29-8d0e-4c08-9ba0-ddc8c9cfe479/element/00000000-0000-0112-ffff-ffff00000045/click] with body: {"element":"00000000-0000-0112-ffff-ffff00000045"}
&amp#27;[38;5;82m[56975e30]&amp#27;[0m&amp#27;[38;5;6m[AndroidUiautomator2Driver@e4ff]&amp#27;[0m Got response with status 200: {"sessionId":"0e6feb29-8d0e-4c08-9ba0-ddc8c9cfe479","value":null}
&amp#27;[38;5;82m[56975e30]&amp#27;[0m&amp#27;[38;5;6m[AndroidUiautomator2Driver@e4ff]&amp#27;[0m Responding to client with driver.click() result: null
[...]
&amp#27;[38;5;99m[27533625]&amp#27;[0m&amp#27;[38;5;86m[HTTP]&amp#27;[0m &amp#27;[37m-->&amp#27;[39m &amp#27;[37mPOST&amp#27;[39m &amp#27;[37m/session/27533625-c79e-4f3a-956a-a5a83c88744b/elements&amp#27;[39m {"using":"id","value":"com.androidsample.generalstore:id/productName"}
&amp#27;[38;5;99m[27533625]&amp#27;[0m&amp#27;[38;5;-59m[AndroidUiautomator2Driver@cf09]&amp#27;[0m Calling AppiumDriver.findElements() with args: ["id","com.androidsample.generalstore:id/productName","27533625-c79e-4f3a-956a-a5a83c88744b"]
&amp#27;[38;5;99m[27533625]&amp#27;[0m&amp#27;[38;5;-59m[AndroidUiautomator2Driver@cf09]&amp#27;[0m Valid locator strategies for this request: xpath, id, class name, accessibility id, css selector, -android uiautomator
&amp#27;[38;5;99m[27533625]&amp#27;[0m&amp#27;[38;5;-59m[AndroidUiautomator2Driver@cf09]&amp#27;[0m Waiting up to 10000 ms for condition
&amp#27;[38;5;99m[27533625]&amp#27;[0m&amp#27;[38;5;-59m[AndroidUiautomator2Driver@cf09]&amp#27;[0m Matched '/elements' to command name 'findElements'
&amp#27;[38;5;99m[27533625]&amp#27;[0m&amp#27;[38;5;-59m[AndroidUiautomator2Driver@cf09]&amp#27;[0m Proxying [POST /elements] to [POST http://127.0.0.1:8201/session/dd7c1b80-51c5-4c14-b202-e5d795c88153/elements] with body: {"strategy":"id","selector":"com.androidsample.generalstore:id/productName","context":"","multiple":true}
&amp#27;[38;5;99m[27533625]&amp#27;[0m&amp#27;[38;5;-59m[AndroidUiautomator2Driver@cf09]&amp#27;[0m Got response with status 200: {"sessionId":"dd7c1b80-51c5-4c14-b202-e5d795c88153","value":[{"ELEMENT":"00000000-0000-0124-ffff-ffff00000084","element-6066-11e4-a52e-4f735466cecf":"00000000-0000-0124-ffff-ffff00000084"},{"ELEMENT":"00000000-0000-0124-ffff-ffff0000008c","element-6066-11e4-a52e-4f735466cecf":"00000000-0000-0124-ffff-ffff0000008c"}]}
&amp#27;[38;5;99m[27533625]&amp#27;[0m&amp#27;[38;5;-59m[AndroidUiautomator2Driver@cf09]&amp#27;[0m Responding to client with driver.findElements() result: [{"element-6066-11e4-a52e-4f735466cecf":"00000000-0000-0124-ffff-ffff00000084","ELEMENT":"00000000-0000-0124-ffff-ffff00000084"},{"element-6066-11e4-a52e-4f735466cecf":"00000000-0000-0124-ffff-ffff0000008c","ELEMENT":"00000000-0000-0124-ffff-ffff0000008c"}]
&amp#27;[38;5;99m[27533625]&amp#27;[0m&amp#27;[38;5;86m[HTTP]&amp#27;[0m <-- POST /session/27533625-c79e-4f3a-956a-a5a83c88744b/elements 200 17 ms - 267 
&amp#27;[38;5;99m[27533625]&amp#27;[0m&amp#27;[38;5;86m[HTTP]&amp#27;[0m &amp#27;[37m-->&amp#27;[39m &amp#27;[37mGET&amp#27;[39m &amp#27;[37m/session/27533625-c79e-4f3a-956a-a5a83c88744b/context&amp#27;[39m {}
&amp#27;[38;5;99m[27533625]&amp#27;[0m&amp#27;[38;5;-59m[AndroidUiautomator2Driver@cf09]&amp#27;[0m Calling AppiumDriver.getCurrentContext() with args: ["27533625-c79e-4f3a-956a-a5a83c88744b"]
&amp#27;[38;5;99m[27533625]&amp#27;[0m&amp#27;[38;5;-59m[AndroidUiautomator2Driver@cf09]&amp#27;[0m Responding to client with driver.getCurrentContext() result: "NATIVE_APP"
&amp#27;[38;5;99m[27533625]&amp#27;[0m&amp#27;[38;5;86m[HTTP]&amp#27;[0m <-- GET /session/27533625-c79e-4f3a-956a-a5a83c88744b/context 200 1 ms - 22 
&amp#27;[38;5;99m[27533625]&amp#27;[0m&amp#27;[38;5;86m[HTTP]&amp#27;[0m &amp#27;[37m-->&amp#27;[39m &amp#27;[37mPOST&amp#27;[39m &amp#27;[37m/session/27533625-c79e-4f3a-956a-a5a83c88744b/element&amp#27;[39m {"using":"id","value":"com.androidsample.generalstore:id/termsButton"}
&amp#27;[38;5;99m[27533625]&amp#27;[0m&amp#27;[38;5;-59m[AndroidUiautomator2Driver@cf09]&amp#27;[0m Calling AppiumDriver.findElement() with args: ["id","com.androidsample.generalstore:id/termsButton","27533625-c79e-4f3a-956a-a5a83c88744b"]
&amp#27;[38;5;99m[27533625]&amp#27;[0m&amp#27;[38;5;-59m[AndroidUiautomator2Driver@cf09]&amp#27;[0m Valid locator strategies for this request: xpath, id, class name, accessibility id, css selector, -android uiautomator
&amp#27;[38;5;99m[27533625]&amp#27;[0m&amp#27;[38;5;-59m[AndroidUiautomator2Driver@cf09]&amp#27;[0m Waiting up to 10000 ms for condition
&amp#27;[38;5;99m[27533625]&amp#27;[0m&amp#27;[38;5;-59m[AndroidUiautomator2Driver@cf09]&amp#27;[0m Matched '/element' to command name 'findElement'
&amp#27;[38;5;99m[27533625]&amp#27;[0m&amp#27;[38;5;-59m[AndroidUiautomator2Driver@cf09]&amp#27;[0m Proxying [POST /element] to [POST http://127.0.0.1:8201/session/dd7c1b80-51c5-4c14-b202-e5d795c88153/element] with body: {"strategy":"id","selector":"com.androidsample.generalstore:id/termsButton","context":"","multiple":false}
&amp#27;[38;5;99m[27533625]&amp#27;[0m&amp#27;[38;5;-59m[AndroidUiautomator2Driver@cf09]&amp#27;[0m Got response with status 200: {"sessionId":"dd7c1b80-51c5-4c14-b202-e5d795c88153","value":{"ELEMENT":"00000000-0000-0124-ffff-ffff0000007e","element-6066-11e4-a52e-4f735466cecf":"00000000-0000-0124-ffff-ffff0000007e"}}
&amp#27;[38;5;99m[27533625]&amp#27;[0m&amp#27;[38;5;-59m[AndroidUiautomator2Driver@cf09]&amp#27;[0m Responding to client with driver.findElement() result: {"element-6066-11e4-a52e-4f735466cecf":"00000000-0000-0124-ffff-ffff0000007e","ELEMENT":"00000000-0000-0124-ffff-ffff0000007e"}
&amp#27;[38;5;99m[27533625]&amp#27;[0m&amp#27;[38;5;86m[HTTP]&amp#27;[0m <-- POST /session/27533625-c79e-4f3a-956a-a5a83c88744b/element 200 17 ms - 137 
&amp#27;[38;5;99m[27533625]&amp#27;[0m&amp#27;[38;5;86m[HTTP]&amp#27;[0m &amp#27;[37m-->&amp#27;[39m &amp#27;[37mPOST&amp#27;[39m &amp#27;[37m/session/27533625-c79e-4f3a-956a-a5a83c88744b/execute/sync&amp#27;[39m {"script":"mobile: longClickGesture","args":[{"elementId":"00000000-0000-0124-ffff-ffff0000007e"}]}
&amp#27;[38;5;99m[27533625]&amp#27;[0m&amp#27;[38;5;-59m[AndroidUiautomator2Driver@cf09]&amp#27;[0m Calling AppiumDriver.execute() with args: ["mobile: longClickGesture",[{"elementId":"00000000-0000-0124-ffff-ffff0000007e"}],"27533625-c79e-4f3a-956a-a5a83c88744b"]
&amp#27;[38;5;99m[27533625]&amp#27;[0m&amp#27;[38;5;-59m[AndroidUiautomator2Driver@cf09]&amp#27;[0m Proxying [POST /appium/gestures/long_click] to [POST http://127.0.0.1:8201/session/dd7c1b80-51c5-4c14-b202-e5d795c88153/appium/gestures/long_click] with body: {"origin":{"ELEMENT":"00000000-0000-0124-ffff-ffff0000007e","element-6066-11e4-a52e-4f735466cecf":"00000000-0000-0124-ffff-ffff0000007e"}}
&amp#27;[38;5;99m[27533625]&amp#27;[0m&amp#27;[38;5;-59m[AndroidUiautomator2Driver@cf09]&amp#27;[0m Got response with status 200: {"sessionId":"dd7c1b80-51c5-4c14-b202-e5d795c88153","value":null}
&amp#27;[38;5;99m[27533625]&amp#27;[0m&amp#27;[38;5;-59m[AndroidUiautomator2Driver@cf09]&amp#27;[0m Responding to client with driver.execute() result: null
&amp#27;[38;5;99m[27533625]&amp#27;[0m&amp#27;[38;5;86m[HTTP]&amp#27;[0m <-- POST /session/27533625-c79e-4f3a-956a-a5a83c88744b/execute/sync 200 689 ms - 14 
&amp#27;[38;5;99m[27533625]&amp#27;[0m&amp#27;[38;5;86m[HTTP]&amp#27;[0m &amp#27;[37m-->&amp#27;[39m &amp#27;[37mGET&amp#27;[39m &amp#27;[37m/session/27533625-c79e-4f3a-956a-a5a83c88744b/context&amp#27;[39m {}
&amp#27;[38;5;99m[27533625]&amp#27;[0m&amp#27;[38;5;-59m[AndroidUiautomator2Driver@cf09]&amp#27;[0m Calling AppiumDriver.getCurrentContext() with args: ["27533625-c79e-4f3a-956a-a5a83c88744b"]
&amp#27;[38;5;99m[27533625]&amp#27;[0m&amp#27;[38;5;-59m[AndroidUiautomator2Driver@cf09]&amp#27;[0m Responding to client with driver.getCurrentContext() result: "NATIVE_APP"
&amp#27;[38;5;99m[27533625]&amp#27;[0m&amp#27;[38;5;86m[HTTP]&amp#27;[0m <-- GET /session/27533625-c79e-4f3a-956a-a5a83c88744b/context 200 2 ms - 22 
&amp#27;[38;5;99m[27533625]&amp#27;[0m&amp#27;[38;5;86m[HTTP]&amp#27;[0m &amp#27;[37m-->&amp#27;[39m &amp#27;[37mPOST&amp#27;[39m &amp#27;[37m/session/27533625-c79e-4f3a-956a-a5a83c88744b/element&amp#27;[39m {"using":"id","value":"android:id/button1"}
&amp#27;[38;5;99m[27533625]&amp#27;[0m&amp#27;[38;5;-59m[AndroidUiautomator2Driver@cf09]&amp#27;[0m Calling AppiumDriver.findElement() with args: ["id","android:id/button1","27533625-c79e-4f3a-956a-a5a83c88744b"]
&amp#27;[38;5;99m[27533625]&amp#27;[0m&amp#27;[38;5;-59m[AndroidUiautomator2Driver@cf09]&amp#27;[0m Valid locator strategies for this request: xpath, id, class name, accessibility id, css selector, -android uiautomator
&amp#27;[38;5;99m[27533625]&amp#27;[0m&amp#27;[38;5;-59m[AndroidUiautomator2Driver@cf09]&amp#27;[0m Waiting up to 10000 ms for condition
&amp#27;[38;5;99m[27533625]&amp#27;[0m&amp#27;[38;5;-59m[AndroidUiautomator2Driver@cf09]&amp#27;[0m Matched '/element' to command name 'findElement'
&amp#27;[38;5;99m[27533625]&amp#27;[0m&amp#27;[38;5;-59m[AndroidUiautomator2Driver@cf09]&amp#27;[0m Proxying [POST /element] to [POST http://127.0.0.1:8201/session/dd7c1b80-51c5-4c14-b202-e5d795c88153/element] with body: {"strategy":"id","selector":"android:id/button1","context":"","multiple":false}
&amp#27;[38;5;99m[27533625]&amp#27;[0m&amp#27;[38;5;-59m[AndroidUiautomator2Driver@cf09]&amp#27;[0m Got response with status 200: {"sessionId":"dd7c1b80-51c5-4c14-b202-e5d795c88153","value":{"ELEMENT":"00000000-0000-0125-ffff-ffff000000aa","element-6066-11e4-a52e-4f735466cecf":"00000000-0000-0125-ffff-ffff000000aa"}}
&amp#27;[38;5;99m[27533625]&amp#27;[0m&amp#27;[38;5;-59m[AndroidUiautomator2Driver@cf09]&amp#27;[0m Responding to client with driver.findElement() result: {"element-6066-11e4-a52e-4f735466cecf":"00000000-0000-0125-ffff-ffff000000aa","ELEMENT":"00000000-0000-0125-ffff-ffff000000aa"}
&amp#27;[38;5;99m[27533625]&amp#27;[0m&amp#27;[38;5;86m[HTTP]&amp#27;[0m <-- POST /session/27533625-c79e-4f3a-956a-a5a83c88744b/element 200 349 ms - 137 
&amp#27;[38;5;99m[27533625]&amp#27;[0m&amp#27;[38;5;86m[HTTP]&amp#27;[0m &amp#27;[37m-->&amp#27;[39m &amp#27;[37mPOST&amp#27;[39m &amp#27;[37m/session/27533625-c79e-4f3a-956a-a5a83c88744b/element/00000000-0000-0125-ffff-ffff000000aa/click&amp#27;[39m {"id":"00000000-0000-0125-ffff-ffff000000aa"}
&amp#27;[38;5;99m[27533625]&amp#27;[0m&amp#27;[38;5;-59m[AndroidUiautomator2Driver@cf09]&amp#27;[0m Calling AppiumDriver.click() with args: ["00000000-0000-0125-ffff-ffff000000aa","27533625-c79e-4f3a-956a-a5a83c88744b"]
&amp#27;[38;5;99m[27533625]&amp#27;[0m&amp#27;[38;5;-59m[AndroidUiautomator2Driver@cf09]&amp#27;[0m Matched '/element/00000000-0000-0125-ffff-ffff000000aa/click' to command name 'click'
&amp#27;[38;5;99m[27533625]&amp#27;[0m&amp#27;[38;5;-59m[AndroidUiautomator2Driver@cf09]&amp#27;[0m Proxying [POST /element/00000000-0000-0125-ffff-ffff000000aa/click] to [POST http://127.0.0.1:8201/session/dd7c1b80-51c5-4c14-b202-e5d795c88153/element/00000000-0000-0125-ffff-ffff000000aa/click] with body: {"element":"00000000-0000-0125-ffff-ffff000000aa"}
&amp#27;[38;5;99m[27533625]&amp#27;[0m&amp#27;[38;5;-59m[AndroidUiautomator2Driver@cf09]&amp#27;[0m Got response with status 200: {"sessionId":"dd7c1b80-51c5-4c14-b202-e5d795c88153","value":null}
&amp#27;[38;5;99m[27533625]&amp#27;[0m&amp#27;[38;5;-59m[AndroidUiautomator2Driver@cf09]&amp#27;[0m Responding to client with driver.click() result: null
&amp#27;[38;5;99m[27533625]&amp#27;[0m&amp#27;[38;5;86m[HTTP]&amp#27;[0m <-- POST /session/27533625-c79e-4f3a-956a-a5a83c88744b/element/00000000-0000-0125-ffff-ffff000000aa/click 200 52 ms - 14 
&amp#27;[38;5;99m[27533625]&amp#27;[0m&amp#27;[38;5;86m[HTTP]&amp#27;[0m &amp#27;[37m-->&amp#27;[39m &amp#27;[37mGET&amp#27;[39m &amp#27;[37m/session/27533625-c79e-4f3a-956a-a5a83c88744b/context&amp#27;[39m {}
&amp#27;[38;5;99m[27533625]&amp#27;[0m&amp#27;[38;5;-59m[AndroidUiautomator2Driver@cf09]&amp#27;[0m Calling AppiumDriver.getCurrentContext() with args: ["27533625-c79e-4f3a-956a-a5a83c88744b"]
&amp#27;[38;5;99m[27533625]&amp#27;[0m&amp#27;[38;5;-59m[AndroidUiautomator2Driver@cf09]&amp#27;[0m Responding to client with driver.getCurrentContext() result: "NATIVE_APP"
&amp#27;[38;5;99m[27533625]&amp#27;[0m&amp#27;[38;5;86m[HTTP]&amp#27;[0m <-- GET /session/27533625-c79e-4f3a-956a-a5a83c88744b/context 200 2 ms - 22 
&amp#27;[38;5;99m[27533625]&amp#27;[0m&amp#27;[38;5;86m[HTTP]&amp#27;[0m &amp#27;[37m-->&amp#27;[39m &amp#27;[37mPOST&amp#27;[39m &amp#27;[37m/session/27533625-c79e-4f3a-956a-a5a83c88744b/element&amp#27;[39m {"using":"class name","value":"android.widget.CheckBox"}
&amp#27;[38;5;99m[27533625]&amp#27;[0m&amp#27;[38;5;-59m[AndroidUiautomator2Driver@cf09]&amp#27;[0m Calling AppiumDriver.findElement() with args: ["class name","android.widget.CheckBox","27533625-c79e-4f3a-956a-a5a83c88744b"]
&amp#27;[38;5;99m[27533625]&amp#27;[0m&amp#27;[38;5;-59m[AndroidUiautomator2Driver@cf09]&amp#27;[0m Valid locator strategies for this request: xpath, id, class name, accessibility id, css selector, -android uiautomator
&amp#27;[38;5;99m[27533625]&amp#27;[0m&amp#27;[38;5;-59m[AndroidUiautomator2Driver@cf09]&amp#27;[0m Waiting up to 10000 ms for condition
&amp#27;[38;5;99m[27533625]&amp#27;[0m&amp#27;[38;5;-59m[AndroidUiautomator2Driver@cf09]&amp#27;[0m Matched '/element' to command name 'findElement'
&amp#27;[38;5;99m[27533625]&amp#27;[0m&amp#27;[38;5;-59m[AndroidUiautomator2Driver@cf09]&amp#27;[0m Proxying [POST /element] to [POST http://127.0.0.1:8201/session/dd7c1b80-51c5-4c14-b202-e5d795c88153/element] with body: {"strategy":"class name","selector":"android.widget.CheckBox","context":"","multiple":false}
&amp#27;[38;5;99m[27533625]&amp#27;[0m&amp#27;[38;5;-59m[AndroidUiautomator2Driver@cf09]&amp#27;[0m Got response with status 200: {"sessionId":"dd7c1b80-51c5-4c14-b202-e5d795c88153","value":{"ELEMENT":"00000000-0000-0124-ffff-ffff0000007c","element-6066-11e4-a52e-4f735466cecf":"00000000-0000-0124-ffff-ffff0000007c"}}
&amp#27;[38;5;99m[27533625]&amp#27;[0m&amp#27;[38;5;-59m[AndroidUiautomator2Driver@cf09]&amp#27;[0m Responding to client with driver.findElement() result: {"element-6066-11e4-a52e-4f735466cecf":"00000000-0000-0124-ffff-ffff0000007c","ELEMENT":"00000000-0000-0124-ffff-ffff0000007c"}
&amp#27;[38;5;99m[27533625]&amp#27;[0m&amp#27;[38;5;86m[HTTP]&amp#27;[0m <-- POST /session/27533625-c79e-4f3a-956a-a5a83c88744b/element 200 277 ms - 137 
&amp#27;[38;5;99m[27533625]&amp#27;[0m&amp#27;[38;5;86m[HTTP]&amp#27;[0m &amp#27;[37m-->&amp#27;[39m &amp#27;[37mPOST&amp#27;[39m &amp#27;[37m/session/27533625-c79e-4f3a-956a-a5a83c88744b/element/00000000-0000-0124-ffff-ffff0000007c/click&amp#27;[39m {"id":"00000000-0000-0124-ffff-ffff0000007c"}
&amp#27;[38;5;99m[27533625]&amp#27;[0m&amp#27;[38;5;-59m[AndroidUiautomator2Driver@cf09]&amp#27;[0m Calling AppiumDriver.click() with args: ["00000000-0000-0124-ffff-ffff0000007c","27533625-c79e-4f3a-956a-a5a83c88744b"]
&amp#27;[38;5;99m[27533625]&amp#27;[0m&amp#27;[38;5;-59m[AndroidUiautomator2Driver@cf09]&amp#27;[0m Matched '/element/00000000-0000-0124-ffff-ffff0000007c/click' to command name 'click'
&amp#27;[38;5;99m[27533625]&amp#27;[0m&amp#27;[38;5;-59m[AndroidUiautomator2Driver@cf09]&amp#27;[0m Proxying [POST /element/00000000-0000-0124-ffff-ffff0000007c/click] to [POST http://127.0.0.1:8201/session/dd7c1b80-51c5-4c14-b202-e5d795c88153/element/00000000-0000-0124-ffff-ffff0000007c/click] with body: {"element":"00000000-0000-0124-ffff-ffff0000007c"}
&amp#27;[38;5;99m[27533625]&amp#27;[0m&amp#27;[38;5;-59m[AndroidUiautomator2Driver@cf09]&amp#27;[0m Got response with status 200: {"sessionId":"dd7c1b80-51c5-4c14-b202-e5d795c88153","value":null}
&amp#27;[38;5;99m[27533625]&amp#27;[0m&amp#27;[38;5;-59m[AndroidUiautomator2Driver@cf09]&amp#27;[0m Responding to client with driver.click() result: null
&amp#27;[38;5;99m[27533625]&amp#27;[0m&amp#27;[38;5;86m[HTTP]&amp#27;[0m <-- POST /session/27533625-c79e-4f3a-956a-a5a83c88744b/element/00000000-0000-0124-ffff-ffff0000007c/click 200 319 ms - 14 
&amp#27;[38;5;99m[27533625]&amp#27;[0m&amp#27;[38;5;86m[HTTP]&amp#27;[0m &amp#27;[37m-->&amp#27;[39m &amp#27;[37mGET&amp#27;[39m &amp#27;[37m/session/27533625-c79e-4f3a-956a-a5a83c88744b/context&amp#27;[39m {}
&amp#27;[38;5;99m[27533625]&amp#27;[0m&amp#27;[38;5;-59m[AndroidUiautomator2Driver@cf09]&amp#27;[0m Calling AppiumDriver.getCurrentContext() with args: ["27533625-c79e-4f3a-956a-a5a83c88744b"]
&amp#27;[38;5;99m[27533625]&amp#27;[0m&amp#27;[38;5;-59m[AndroidUiautomator2Driver@cf09]&amp#27;[0m Responding to client with driver.getCurrentContext() result: "NATIVE_APP"
&amp#27;[38;5;99m[27533625]&amp#27;[0m&amp#27;[38;5;86m[HTTP]&amp#27;[0m <-- GET /session/27533625-c79e-4f3a-956a-a5a83c88744b/context 200 2 ms - 22 
&amp#27;[38;5;99m[27533625]&amp#27;[0m&amp#27;[38;5;86m[HTTP]&amp#27;[0m &amp#27;[37m-->&amp#27;[39m &amp#27;[37mPOST&amp#27;[39m &amp#27;[37m/session/27533625-c79e-4f3a-956a-a5a83c88744b/element&amp#27;[39m {"using":"id","value":"com.androidsample.generalstore:id/btnProceed"}
&amp#27;[38;5;99m[27533625]&amp#27;[0m&amp#27;[38;5;-59m[AndroidUiautomator2Driver@cf09]&amp#27;[0m Calling AppiumDriver.findElement() with args: ["id","com.androidsample.generalstore:id/btnProceed","27533625-c79e-4f3a-956a-a5a83c88744b"]
&amp#27;[38;5;99m[27533625]&amp#27;[0m&amp#27;[38;5;-59m[AndroidUiautomator2Driver@cf09]&amp#27;[0m Valid locator strategies for this request: xpath, id, class name, accessibility id, css selector, -android uiautomator
&amp#27;[38;5;99m[27533625]&amp#27;[0m&amp#27;[38;5;-59m[AndroidUiautomator2Driver@cf09]&amp#27;[0m Waiting up to 10000 ms for condition
&amp#27;[38;5;99m[27533625]&amp#27;[0m&amp#27;[38;5;-59m[AndroidUiautomator2Driver@cf09]&amp#27;[0m Matched '/element' to command name 'findElement'
&amp#27;[38;5;99m[27533625]&amp#27;[0m&amp#27;[38;5;-59m[AndroidUiautomator2Driver@cf09]&amp#27;[0m Proxying [POST /element] to [POST http://127.0.0.1:8201/session/dd7c1b80-51c5-4c14-b202-e5d795c88153/element] with body: {"strategy":"id","selector":"com.androidsample.generalstore:id/btnProceed","context":"","multiple":false}
&amp#27;[38;5;99m[27533625]&amp#27;[0m&amp#27;[38;5;-59m[AndroidUiautomator2Driver@cf09]&amp#27;[0m Got response with status 200: {"sessionId":"dd7c1b80-51c5-4c14-b202-e5d795c88153","value":{"ELEMENT":"00000000-0000-0124-ffff-ffff0000007d","element-6066-11e4-a52e-4f735466cecf":"00000000-0000-0124-ffff-ffff0000007d"}}
&amp#27;[38;5;99m[27533625]&amp#27;[0m&amp#27;[38;5;-59m[AndroidUiautomator2Driver@cf09]&amp#27;[0m Responding to client with driver.findElement() result: {"element-6066-11e4-a52e-4f735466cecf":"00000000-0000-0124-ffff-ffff0000007d","ELEMENT":"00000000-0000-0124-ffff-ffff0000007d"}
&amp#27;[38;5;99m[27533625]&amp#27;[0m&amp#27;[38;5;86m[HTTP]&amp#27;[0m <-- POST /session/27533625-c79e-4f3a-956a-a5a83c88744b/element 200 599 ms - 137 
&amp#27;[38;5;99m[27533625]&amp#27;[0m&amp#27;[38;5;86m[HTTP]&amp#27;[0m &amp#27;[37m-->&amp#27;[39m &amp#27;[37mPOST&amp#27;[39m &amp#27;[37m/session/27533625-c79e-4f3a-956a-a5a83c88744b/element/00000000-0000-0124-ffff-ffff0000007d/click&amp#27;[39m {"id":"00000000-0000-0124-ffff-ffff0000007d"}
&amp#27;[38;5;99m[27533625]&amp#27;[0m&amp#27;[38;5;-59m[AndroidUiautomator2Driver@cf09]&amp#27;[0m Calling AppiumDriver.click() with args: ["00000000-0000-0124-ffff-ffff0000007d","27533625-c79e-4f3a-956a-a5a83c88744b"]
&amp#27;[38;5;99m[27533625]&amp#27;[0m&amp#27;[38;5;-59m[AndroidUiautomator2Driver@cf09]&amp#27;[0m Matched '/element/00000000-0000-0124-ffff-ffff0000007d/click' to command name 'click'
&amp#27;[38;5;99m[27533625]&amp#27;[0m&amp#27;[38;5;-59m[AndroidUiautomator2Driver@cf09]&amp#27;[0m Proxying [POST /element/00000000-0000-0124-ffff-ffff0000007d/click] to [POST http://127.0.0.1:8201/session/dd7c1b80-51c5-4c14-b202-e5d795c88153/element/00000000-0000-0124-ffff-ffff0000007d/click] with body: {"element":"00000000-0000-0124-ffff-ffff0000007d"}
&amp#27;[38;5;99m[27533625]&amp#27;[0m&amp#27;[38;5;-59m[AndroidUiautomator2Driver@cf09]&amp#27;[0m Got response with status 200: {"sessionId":"dd7c1b80-51c5-4c14-b202-e5d795c88153","value":null}
&amp#27;[38;5;99m[27533625]&amp#27;[0m&amp#27;[38;5;-59m[AndroidUiautomator2Driver@cf09]&amp#27;[0m Responding to client with driver.click() result: null
&amp#27;[38;5;99m[27533625]&amp#27;[0m&amp#27;[38;5;86m[HTTP]&amp#27;[0m <-- POST /session/27533625-c79e-4f3a-956a-a5a83c88744b/element/00000000-0000-0124-ffff-ffff0000007d/click 200 45 ms - 14 
]]></system-out>
  </testcase>
</testsuite>