<?xml version="1.0" encoding="UTF-8"?>
<!-- Generated by org.testng.reporters.JUnitXMLReporter -->
<testsuite ignored="1" hostname="hussiens-MacBook-Pro.local" failures="0" tests="2" name="/Users/hussien/Documents/AppiumRevision" time="67.081" errors="0" timestamp="2025-11-16T19:37:04 EET">
  <testcase classname="com.appium.test.android.FormPageTest" name="fillForm" time="28.002"/>
  <testcase classname="com.appium.test.android.FormPageTest" name="fillForm" time="28.321"/>
  <testcase classname="com.appium.test.android.FormPageTest" name="fillForm_ErrorValidation" time="0.0">
    <ignored/>
  </testcase> <!-- fillForm_ErrorValidation -->
</testsuite> <!-- /Users/hussien/Documents/AppiumRevision -->
