<?xml version="1.0" encoding="UTF-8"?>
<!-- Generated by org.testng.reporters.JUnitReportReporter -->
<testsuite hostname="hussiens-MacBook-Pro.local" failures="0" tests="3" name="com.appium.test.android.FormPageTest" time="66.945" errors="0" timestamp="2025-11-16T19:37:04 EET" skipped="1">
  <testcase classname="com.appium.test.android.FormPageTest" name="fillForm" time="33.889"/>
  <testcase classname="com.appium.test.android.FormPageTest" name="fillForm" time="33.056"/>
  <testcase classname="com.appium.test.android.FormPageTest" name="fillForm_ErrorValidation">
    <skipped/>
  </testcase> <!-- fillForm_ErrorValidation -->
</testsuite> <!-- com.appium.test.android.FormPageTest -->
